2015-05-22 16:01:57,896 | INFO  | Refreshing org.apache.activemq.xbean.XBeanBrokerFactory$1@794292bb: startup date [Fri May 22 16:01:57 CEST 2015]; root of context hierarchy | org.apache.activemq.xbean.XBeanBrokerFactory$1 | WrapperSimpleAppMain
2015-05-22 16:02:02,317 | INFO  | PListStore:[/home/yukikoo/Downloads/apache-activemq-5.11.1/bin/linux-x86-64/../../data/localhost/tmp_storage] started | org.apache.activemq.store.kahadb.plist.PListStoreImpl | WrapperSimpleAppMain
2015-05-22 16:02:02,413 | INFO  | Using Persistence Adapter: KahaDBPersistenceAdapter[/home/yukikoo/Downloads/apache-activemq-5.11.1/bin/linux-x86-64/../../data/kahadb] | org.apache.activemq.broker.BrokerService | WrapperSimpleAppMain
2015-05-22 16:02:03,611 | INFO  | Apache ActiveMQ 5.11.1 (localhost, ID:yukikooozzy-34320-1432303323291-0:1) is starting | org.apache.activemq.broker.BrokerService | WrapperSimpleAppMain
2015-05-22 16:02:03,885 | ERROR | Failed to start Apache ActiveMQ ([localhost, ID:yukikooozzy-34320-1432303323291-0:1], java.io.IOException: Transport Connector could not be registered in JMX: java.io.IOException: Failed to bind to server socket: tcp://0.0.0.0:61616?maximumConnections=1000&wireFormat.maxFrameSize=104857600 due to: java.net.BindException: Address already in use) | org.apache.activemq.broker.BrokerService | WrapperSimpleAppMain
2015-05-22 16:02:03,892 | INFO  | Apache ActiveMQ 5.11.1 (localhost, ID:yukikooozzy-34320-1432303323291-0:1) is shutting down | org.apache.activemq.broker.BrokerService | WrapperSimpleAppMain
2015-05-22 16:02:03,899 | INFO  | Connector openwire stopped | org.apache.activemq.broker.TransportConnector | WrapperSimpleAppMain
2015-05-22 16:02:03,905 | INFO  | Connector amqp stopped | org.apache.activemq.broker.TransportConnector | WrapperSimpleAppMain
2015-05-22 16:02:03,913 | INFO  | Connector stomp stopped | org.apache.activemq.broker.TransportConnector | WrapperSimpleAppMain
2015-05-22 16:02:03,920 | INFO  | Connector mqtt stopped | org.apache.activemq.broker.TransportConnector | WrapperSimpleAppMain
2015-05-22 16:02:03,927 | INFO  | Connector ws stopped | org.apache.activemq.broker.TransportConnector | WrapperSimpleAppMain
2015-05-22 16:02:03,938 | INFO  | PListStore:[/home/yukikoo/Downloads/apache-activemq-5.11.1/bin/linux-x86-64/../../data/localhost/tmp_storage] stopped | org.apache.activemq.store.kahadb.plist.PListStoreImpl | WrapperSimpleAppMain
2015-05-22 16:02:03,943 | INFO  | Stopping async queue tasks | org.apache.activemq.store.kahadb.KahaDBStore | WrapperSimpleAppMain
2015-05-22 16:02:03,947 | INFO  | Stopping async topic tasks | org.apache.activemq.store.kahadb.KahaDBStore | WrapperSimpleAppMain
2015-05-22 16:02:03,952 | INFO  | Stopped KahaDB | org.apache.activemq.store.kahadb.KahaDBStore | WrapperSimpleAppMain
2015-05-22 16:02:04,740 | INFO  | Apache ActiveMQ 5.11.1 (localhost, ID:yukikooozzy-34320-1432303323291-0:1) uptime 2.351 seconds | org.apache.activemq.broker.BrokerService | WrapperSimpleAppMain
2015-05-22 16:02:04,745 | INFO  | Apache ActiveMQ 5.11.1 (localhost, ID:yukikooozzy-34320-1432303323291-0:1) is shutdown | org.apache.activemq.broker.BrokerService | WrapperSimpleAppMain
2015-05-22 16:02:04,752 | INFO  | Closing org.apache.activemq.xbean.XBeanBrokerFactory$1@794292bb: startup date [Fri May 22 16:01:57 CEST 2015]; root of context hierarchy | org.apache.activemq.xbean.XBeanBrokerFactory$1 | WrapperSimpleAppMain
2015-05-22 16:02:04,780 | WARN  | Exception thrown from LifecycleProcessor on context close | org.apache.activemq.xbean.XBeanBrokerFactory$1 | WrapperSimpleAppMain
java.lang.IllegalStateException: LifecycleProcessor not initialized - call 'refresh' before invoking lifecycle methods via the context: org.apache.activemq.xbean.XBeanBrokerFactory$1@794292bb: startup date [Fri May 22 16:01:57 CEST 2015]; root of context hierarchy
	at org.springframework.context.support.AbstractApplicationContext.getLifecycleProcessor(AbstractApplicationContext.java:360)[spring-context-3.2.11.RELEASE.jar:3.2.11.RELEASE]
	at org.springframework.context.support.AbstractApplicationContext.doClose(AbstractApplicationContext.java:1059)[spring-context-3.2.11.RELEASE.jar:3.2.11.RELEASE]
	at org.springframework.context.support.AbstractApplicationContext.close(AbstractApplicationContext.java:1012)[spring-context-3.2.11.RELEASE.jar:3.2.11.RELEASE]
	at org.apache.activemq.hooks.SpringContextHook.run(SpringContextHook.java:30)[activemq-spring-5.11.1.jar:5.11.1]
	at org.apache.activemq.broker.BrokerService.stop(BrokerService.java:826)[activemq-broker-5.11.1.jar:5.11.1]
	at org.apache.activemq.xbean.XBeanBrokerService.stop(XBeanBrokerService.java:122)[activemq-spring-5.11.1.jar:5.11.1]
	at org.apache.activemq.broker.BrokerService.start(BrokerService.java:612)[activemq-broker-5.11.1.jar:5.11.1]
	at org.apache.activemq.xbean.XBeanBrokerService.afterPropertiesSet(XBeanBrokerService.java:73)[activemq-spring-5.11.1.jar:5.11.1]
	at sun.reflect.NativeMethodAccessorImpl.invoke0(Native Method)[:1.8.0_45]
	at sun.reflect.NativeMethodAccessorImpl.invoke(NativeMethodAccessorImpl.java:62)[:1.8.0_45]
	at sun.reflect.DelegatingMethodAccessorImpl.invoke(DelegatingMethodAccessorImpl.java:43)[:1.8.0_45]
	at java.lang.reflect.Method.invoke(Method.java:497)[:1.8.0_45]
	at org.springframework.beans.factory.support.AbstractAutowireCapableBeanFactory.invokeCustomInitMethod(AbstractAutowireCapableBeanFactory.java:1640)[spring-beans-3.2.11.RELEASE.jar:3.2.11.RELEASE]
	at org.springframework.beans.factory.support.AbstractAutowireCapableBeanFactory.invokeInitMethods(AbstractAutowireCapableBeanFactory.java:1581)[spring-beans-3.2.11.RELEASE.jar:3.2.11.RELEASE]
	at org.springframework.beans.factory.support.AbstractAutowireCapableBeanFactory.initializeBean(AbstractAutowireCapableBeanFactory.java:1511)[spring-beans-3.2.11.RELEASE.jar:3.2.11.RELEASE]
	at org.springframework.beans.factory.support.AbstractAutowireCapableBeanFactory.doCreateBean(AbstractAutowireCapableBeanFactory.java:521)[spring-beans-3.2.11.RELEASE.jar:3.2.11.RELEASE]
	at org.springframework.beans.factory.support.AbstractAutowireCapableBeanFactory.createBean(AbstractAutowireCapableBeanFactory.java:458)[spring-beans-3.2.11.RELEASE.jar:3.2.11.RELEASE]
	at org.springframework.beans.factory.support.AbstractBeanFactory$1.getObject(AbstractBeanFactory.java:293)[spring-beans-3.2.11.RELEASE.jar:3.2.11.RELEASE]
	at org.springframework.beans.factory.support.DefaultSingletonBeanRegistry.getSingleton(DefaultSingletonBeanRegistry.java:223)[spring-beans-3.2.11.RELEASE.jar:3.2.11.RELEASE]
	at org.springframework.beans.factory.support.AbstractBeanFactory.doGetBean(AbstractBeanFactory.java:290)[spring-beans-3.2.11.RELEASE.jar:3.2.11.RELEASE]
	at org.springframework.beans.factory.support.AbstractBeanFactory.getBean(AbstractBeanFactory.java:191)[spring-beans-3.2.11.RELEASE.jar:3.2.11.RELEASE]
	at org.springframework.beans.factory.support.DefaultListableBeanFactory.preInstantiateSingletons(DefaultListableBeanFactory.java:636)[spring-beans-3.2.11.RELEASE.jar:3.2.11.RELEASE]
	at org.springframework.context.support.AbstractApplicationContext.finishBeanFactoryInitialization(AbstractApplicationContext.java:934)[spring-context-3.2.11.RELEASE.jar:3.2.11.RELEASE]
	at org.springframework.context.support.AbstractApplicationContext.refresh(AbstractApplicationContext.java:479)[spring-context-3.2.11.RELEASE.jar:3.2.11.RELEASE]
	at org.apache.xbean.spring.context.ResourceXmlApplicationContext.<init>(ResourceXmlApplicationContext.java:64)[xbean-spring-3.18.jar:3.18]
	at org.apache.xbean.spring.context.ResourceXmlApplicationContext.<init>(ResourceXmlApplicationContext.java:52)[xbean-spring-3.18.jar:3.18]
	at org.apache.activemq.xbean.XBeanBrokerFactory$1.<init>(XBeanBrokerFactory.java:104)[activemq-spring-5.11.1.jar:5.11.1]
	at org.apache.activemq.xbean.XBeanBrokerFactory.createApplicationContext(XBeanBrokerFactory.java:104)[activemq-spring-5.11.1.jar:5.11.1]
	at org.apache.activemq.xbean.XBeanBrokerFactory.createBroker(XBeanBrokerFactory.java:67)[activemq-spring-5.11.1.jar:5.11.1]
	at org.apache.activemq.broker.BrokerFactory.createBroker(BrokerFactory.java:71)[activemq-broker-5.11.1.jar:5.11.1]
	at org.apache.activemq.broker.BrokerFactory.createBroker(BrokerFactory.java:54)[activemq-broker-5.11.1.jar:5.11.1]
	at org.apache.activemq.console.command.StartCommand.runTask(StartCommand.java:87)[activemq-console-5.11.1.jar:5.11.1]
	at org.apache.activemq.console.command.AbstractCommand.execute(AbstractCommand.java:57)[activemq-console-5.11.1.jar:5.11.1]
	at org.apache.activemq.console.command.ShellCommand.runTask(ShellCommand.java:150)[activemq-console-5.11.1.jar:5.11.1]
	at org.apache.activemq.console.command.AbstractCommand.execute(AbstractCommand.java:57)[activemq-console-5.11.1.jar:5.11.1]
	at org.apache.activemq.console.command.ShellCommand.main(ShellCommand.java:104)[activemq-console-5.11.1.jar:5.11.1]
	at sun.reflect.NativeMethodAccessorImpl.invoke0(Native Method)[:1.8.0_45]
	at sun.reflect.NativeMethodAccessorImpl.invoke(NativeMethodAccessorImpl.java:62)[:1.8.0_45]
	at sun.reflect.DelegatingMethodAccessorImpl.invoke(DelegatingMethodAccessorImpl.java:43)[:1.8.0_45]
	at java.lang.reflect.Method.invoke(Method.java:497)[:1.8.0_45]
	at org.apache.activemq.console.Main.runTaskClass(Main.java:262)[activemq.jar:5.11.1]
	at org.apache.activemq.console.Main.main(Main.java:115)[activemq.jar:5.11.1]
	at sun.reflect.NativeMethodAccessorImpl.invoke0(Native Method)[:1.8.0_45]
	at sun.reflect.NativeMethodAccessorImpl.invoke(NativeMethodAccessorImpl.java:62)[:1.8.0_45]
	at sun.reflect.DelegatingMethodAccessorImpl.invoke(DelegatingMethodAccessorImpl.java:43)[:1.8.0_45]
	at java.lang.reflect.Method.invoke(Method.java:497)[:1.8.0_45]
	at org.tanukisoftware.wrapper.WrapperSimpleApp.run(WrapperSimpleApp.java:240)[wrapper.jar:3.2.3]
	at java.lang.Thread.run(Thread.java:745)[:1.8.0_45]
2015-05-22 16:02:04,790 | WARN  | Exception encountered during context initialization - cancelling refresh attempt | org.apache.activemq.xbean.XBeanBrokerFactory$1 | WrapperSimpleAppMain
org.springframework.beans.factory.BeanCreationException: Error creating bean with name 'org.apache.activemq.xbean.XBeanBrokerService#0' defined in class path resource [activemq.xml]: Invocation of init method failed; nested exception is java.io.IOException: Transport Connector could not be registered in JMX: java.io.IOException: Failed to bind to server socket: tcp://0.0.0.0:61616?maximumConnections=1000&wireFormat.maxFrameSize=104857600 due to: java.net.BindException: Address already in use
	at org.springframework.beans.factory.support.AbstractAutowireCapableBeanFactory.initializeBean(AbstractAutowireCapableBeanFactory.java:1514)[spring-beans-3.2.11.RELEASE.jar:3.2.11.RELEASE]
	at org.springframework.beans.factory.support.AbstractAutowireCapableBeanFactory.doCreateBean(AbstractAutowireCapableBeanFactory.java:521)[spring-beans-3.2.11.RELEASE.jar:3.2.11.RELEASE]
	at org.springframework.beans.factory.support.AbstractAutowireCapableBeanFactory.createBean(AbstractAutowireCapableBeanFactory.java:458)[spring-beans-3.2.11.RELEASE.jar:3.2.11.RELEASE]
	at org.springframework.beans.factory.support.AbstractBeanFactory$1.getObject(AbstractBeanFactory.java:293)[spring-beans-3.2.11.RELEASE.jar:3.2.11.RELEASE]
	at org.springframework.beans.factory.support.DefaultSingletonBeanRegistry.getSingleton(DefaultSingletonBeanRegistry.java:223)[spring-beans-3.2.11.RELEASE.jar:3.2.11.RELEASE]
	at org.springframework.beans.factory.support.AbstractBeanFactory.doGetBean(AbstractBeanFactory.java:290)[spring-beans-3.2.11.RELEASE.jar:3.2.11.RELEASE]
	at org.springframework.beans.factory.support.AbstractBeanFactory.getBean(AbstractBeanFactory.java:191)[spring-beans-3.2.11.RELEASE.jar:3.2.11.RELEASE]
	at org.springframework.beans.factory.support.DefaultListableBeanFactory.preInstantiateSingletons(DefaultListableBeanFactory.java:636)[spring-beans-3.2.11.RELEASE.jar:3.2.11.RELEASE]
	at org.springframework.context.support.AbstractApplicationContext.finishBeanFactoryInitialization(AbstractApplicationContext.java:934)[spring-context-3.2.11.RELEASE.jar:3.2.11.RELEASE]
	at org.springframework.context.support.AbstractApplicationContext.refresh(AbstractApplicationContext.java:479)[spring-context-3.2.11.RELEASE.jar:3.2.11.RELEASE]
	at org.apache.xbean.spring.context.ResourceXmlApplicationContext.<init>(ResourceXmlApplicationContext.java:64)[xbean-spring-3.18.jar:3.18]
	at org.apache.xbean.spring.context.ResourceXmlApplicationContext.<init>(ResourceXmlApplicationContext.java:52)[xbean-spring-3.18.jar:3.18]
	at org.apache.activemq.xbean.XBeanBrokerFactory$1.<init>(XBeanBrokerFactory.java:104)[activemq-spring-5.11.1.jar:5.11.1]
	at org.apache.activemq.xbean.XBeanBrokerFactory.createApplicationContext(XBeanBrokerFactory.java:104)[activemq-spring-5.11.1.jar:5.11.1]
	at org.apache.activemq.xbean.XBeanBrokerFactory.createBroker(XBeanBrokerFactory.java:67)[activemq-spring-5.11.1.jar:5.11.1]
	at org.apache.activemq.broker.BrokerFactory.createBroker(BrokerFactory.java:71)[activemq-broker-5.11.1.jar:5.11.1]
	at org.apache.activemq.broker.BrokerFactory.createBroker(BrokerFactory.java:54)[activemq-broker-5.11.1.jar:5.11.1]
	at org.apache.activemq.console.command.StartCommand.runTask(StartCommand.java:87)[activemq-console-5.11.1.jar:5.11.1]
	at org.apache.activemq.console.command.AbstractCommand.execute(AbstractCommand.java:57)[activemq-console-5.11.1.jar:5.11.1]
	at org.apache.activemq.console.command.ShellCommand.runTask(ShellCommand.java:150)[activemq-console-5.11.1.jar:5.11.1]
	at org.apache.activemq.console.command.AbstractCommand.execute(AbstractCommand.java:57)[activemq-console-5.11.1.jar:5.11.1]
	at org.apache.activemq.console.command.ShellCommand.main(ShellCommand.java:104)[activemq-console-5.11.1.jar:5.11.1]
	at sun.reflect.NativeMethodAccessorImpl.invoke0(Native Method)[:1.8.0_45]
	at sun.reflect.NativeMethodAccessorImpl.invoke(NativeMethodAccessorImpl.java:62)[:1.8.0_45]
	at sun.reflect.DelegatingMethodAccessorImpl.invoke(DelegatingMethodAccessorImpl.java:43)[:1.8.0_45]
	at java.lang.reflect.Method.invoke(Method.java:497)[:1.8.0_45]
	at org.apache.activemq.console.Main.runTaskClass(Main.java:262)[activemq.jar:5.11.1]
	at org.apache.activemq.console.Main.main(Main.java:115)[activemq.jar:5.11.1]
	at sun.reflect.NativeMethodAccessorImpl.invoke0(Native Method)[:1.8.0_45]
	at sun.reflect.NativeMethodAccessorImpl.invoke(NativeMethodAccessorImpl.java:62)[:1.8.0_45]
	at sun.reflect.DelegatingMethodAccessorImpl.invoke(DelegatingMethodAccessorImpl.java:43)[:1.8.0_45]
	at java.lang.reflect.Method.invoke(Method.java:497)[:1.8.0_45]
	at org.tanukisoftware.wrapper.WrapperSimpleApp.run(WrapperSimpleApp.java:240)[wrapper.jar:3.2.3]
	at java.lang.Thread.run(Thread.java:745)[:1.8.0_45]
2015-05-23 20:35:04,616 | INFO  | Refreshing org.apache.activemq.xbean.XBeanBrokerFactory$1@2f931909: startup date [Sat May 23 20:35:04 CEST 2015]; root of context hierarchy | org.apache.activemq.xbean.XBeanBrokerFactory$1 | WrapperSimpleAppMain
2015-05-23 20:35:06,095 | INFO  | PListStore:[/home/yukikoo/Dev/ProgrammationReparti/projet/projetTwitter/ProjetTwitter/activemq-5.11.1/bin/linux-x86-64/../../data/localhost/tmp_storage] started | org.apache.activemq.store.kahadb.plist.PListStoreImpl | WrapperSimpleAppMain
2015-05-23 20:35:06,130 | INFO  | Using Persistence Adapter: KahaDBPersistenceAdapter[/home/yukikoo/Dev/ProgrammationReparti/projet/projetTwitter/ProjetTwitter/activemq-5.11.1/bin/linux-x86-64/../../data/kahadb] | org.apache.activemq.broker.BrokerService | WrapperSimpleAppMain
2015-05-23 20:35:06,475 | INFO  | KahaDB is version 5 | org.apache.activemq.store.kahadb.MessageDatabase | WrapperSimpleAppMain
2015-05-23 20:35:06,504 | INFO  | Recovering from the journal ... | org.apache.activemq.store.kahadb.MessageDatabase | WrapperSimpleAppMain
2015-05-23 20:35:06,509 | INFO  | Recovery replayed 1 operations from the journal in 0.023 seconds. | org.apache.activemq.store.kahadb.MessageDatabase | WrapperSimpleAppMain
2015-05-23 20:35:06,707 | INFO  | Apache ActiveMQ 5.11.1 (localhost, ID:yukikooozzy-42326-1432406106541-0:1) is starting | org.apache.activemq.broker.BrokerService | WrapperSimpleAppMain
2015-05-23 20:35:06,730 | INFO  | Listening for connections at: tcp://yukikooozzy:61616?maximumConnections=1000&wireFormat.maxFrameSize=104857600 | org.apache.activemq.transport.TransportServerThreadSupport | WrapperSimpleAppMain
2015-05-23 20:35:06,734 | INFO  | Connector openwire started | org.apache.activemq.broker.TransportConnector | WrapperSimpleAppMain
2015-05-23 20:35:06,744 | INFO  | Listening for connections at: amqp://yukikooozzy:5672?maximumConnections=1000&wireFormat.maxFrameSize=104857600 | org.apache.activemq.transport.TransportServerThreadSupport | WrapperSimpleAppMain
2015-05-23 20:35:06,751 | INFO  | Connector amqp started | org.apache.activemq.broker.TransportConnector | WrapperSimpleAppMain
2015-05-23 20:35:06,761 | INFO  | Listening for connections at: stomp://yukikooozzy:61613?maximumConnections=1000&wireFormat.maxFrameSize=104857600 | org.apache.activemq.transport.TransportServerThreadSupport | WrapperSimpleAppMain
2015-05-23 20:35:06,774 | INFO  | Connector stomp started | org.apache.activemq.broker.TransportConnector | WrapperSimpleAppMain
2015-05-23 20:35:06,784 | INFO  | Listening for connections at: mqtt://yukikooozzy:1883?maximumConnections=1000&wireFormat.maxFrameSize=104857600 | org.apache.activemq.transport.TransportServerThreadSupport | WrapperSimpleAppMain
2015-05-23 20:35:06,790 | INFO  | Connector mqtt started | org.apache.activemq.broker.TransportConnector | WrapperSimpleAppMain
2015-05-23 20:35:07,262 | INFO  | Listening for connections at ws://yukikooozzy:61614?maximumConnections=1000&wireFormat.maxFrameSize=104857600 | org.apache.activemq.transport.ws.WSTransportServer | WrapperSimpleAppMain
2015-05-23 20:35:07,263 | INFO  | Connector ws started | org.apache.activemq.broker.TransportConnector | WrapperSimpleAppMain
2015-05-23 20:35:07,271 | INFO  | Apache ActiveMQ 5.11.1 (localhost, ID:yukikooozzy-42326-1432406106541-0:1) started | org.apache.activemq.broker.BrokerService | WrapperSimpleAppMain
2015-05-23 20:35:07,275 | INFO  | For help or more information please see: http://activemq.apache.org | org.apache.activemq.broker.BrokerService | WrapperSimpleAppMain
2015-05-23 20:35:07,278 | WARN  | Store limit is 102400 mb (current store usage is 0 mb). The data directory: /home/yukikoo/Dev/ProgrammationReparti/projet/projetTwitter/ProjetTwitter/activemq-5.11.1/bin/linux-x86-64/../../data/kahadb only has 30435 mb of usable space - resetting to maximum available disk space: 30435 mb | org.apache.activemq.broker.BrokerService | WrapperSimpleAppMain
2015-05-23 20:35:07,282 | WARN  | Temporary Store limit is 51200 mb, whilst the temporary data directory: /home/yukikoo/Dev/ProgrammationReparti/projet/projetTwitter/ProjetTwitter/activemq-5.11.1/bin/linux-x86-64/../../data/localhost/tmp_storage only has 30435 mb of usable space - resetting to maximum available 30435 mb. | org.apache.activemq.broker.BrokerService | WrapperSimpleAppMain
2015-05-23 20:35:07,838 | INFO  | ActiveMQ WebConsole available at http://0.0.0.0:8161/ | org.apache.activemq.web.WebConsoleStarter | WrapperSimpleAppMain
2015-05-23 20:35:07,917 | INFO  | Initializing Spring FrameworkServlet 'dispatcher' | /admin | WrapperSimpleAppMain
2015-05-23 20:35:08,427 | INFO  | jolokia-agent: No access restrictor found at classpath:/jolokia-access.xml, access to all MBeans is allowed | /api | WrapperSimpleAppMain
2015-05-23 20:35:10,538 | WARN  | Failed to add Connection ID:yukikooozzy-52922-1432406110349-1:1 | org.apache.activemq.broker.TransportConnection | ActiveMQ Transport: tcp:///127.0.0.1:57806@61616
java.lang.SecurityException: User user is not authorized to create: topic://ActiveMQ.Advisory.Connection
	at org.apache.activemq.security.AuthorizationBroker.addDestination(AuthorizationBroker.java:115)[activemq-broker-5.11.1.jar:5.11.1]
	at org.apache.activemq.broker.MutableBrokerFilter.addDestination(MutableBrokerFilter.java:177)[activemq-broker-5.11.1.jar:5.11.1]
	at org.apache.activemq.broker.region.RegionBroker.send(RegionBroker.java:462)[activemq-broker-5.11.1.jar:5.11.1]
	at org.apache.activemq.broker.jmx.ManagedRegionBroker.send(ManagedRegionBroker.java:297)[activemq-broker-5.11.1.jar:5.11.1]
	at org.apache.activemq.advisory.AdvisoryBroker.fireAdvisory(AdvisoryBroker.java:633)[activemq-broker-5.11.1.jar:5.11.1]
	at org.apache.activemq.advisory.AdvisoryBroker.fireAdvisory(AdvisoryBroker.java:564)[activemq-broker-5.11.1.jar:5.11.1]
	at org.apache.activemq.advisory.AdvisoryBroker.fireAdvisory(AdvisoryBroker.java:559)[activemq-broker-5.11.1.jar:5.11.1]
	at org.apache.activemq.advisory.AdvisoryBroker.addConnection(AdvisoryBroker.java:98)[activemq-broker-5.11.1.jar:5.11.1]
	at org.apache.activemq.broker.BrokerFilter.addConnection(BrokerFilter.java:97)[activemq-broker-5.11.1.jar:5.11.1]
	at org.apache.activemq.broker.BrokerFilter.addConnection(BrokerFilter.java:97)[activemq-broker-5.11.1.jar:5.11.1]
	at org.apache.activemq.broker.BrokerFilter.addConnection(BrokerFilter.java:97)[activemq-broker-5.11.1.jar:5.11.1]
	at org.apache.activemq.security.SimpleAuthenticationBroker.addConnection(SimpleAuthenticationBroker.java:103)[activemq-broker-5.11.1.jar:5.11.1]
	at org.apache.activemq.broker.BrokerFilter.addConnection(BrokerFilter.java:97)[activemq-broker-5.11.1.jar:5.11.1]
	at org.apache.activemq.broker.MutableBrokerFilter.addConnection(MutableBrokerFilter.java:102)[activemq-broker-5.11.1.jar:5.11.1]
	at org.apache.activemq.broker.TransportConnection.processAddConnection(TransportConnection.java:809)[activemq-broker-5.11.1.jar:5.11.1]
	at org.apache.activemq.broker.jmx.ManagedTransportConnection.processAddConnection(ManagedTransportConnection.java:79)[activemq-broker-5.11.1.jar:5.11.1]
	at org.apache.activemq.command.ConnectionInfo.visit(ConnectionInfo.java:139)[activemq-client-5.11.1.jar:5.11.1]
	at org.apache.activemq.broker.TransportConnection.service(TransportConnection.java:334)[activemq-broker-5.11.1.jar:5.11.1]
	at org.apache.activemq.broker.TransportConnection$1.onCommand(TransportConnection.java:188)[activemq-broker-5.11.1.jar:5.11.1]
	at org.apache.activemq.transport.MutexTransport.onCommand(MutexTransport.java:50)[activemq-client-5.11.1.jar:5.11.1]
	at org.apache.activemq.transport.WireFormatNegotiator.onCommand(WireFormatNegotiator.java:113)[activemq-client-5.11.1.jar:5.11.1]
	at org.apache.activemq.transport.AbstractInactivityMonitor.onCommand(AbstractInactivityMonitor.java:270)[activemq-client-5.11.1.jar:5.11.1]
	at org.apache.activemq.transport.TransportSupport.doConsume(TransportSupport.java:83)[activemq-client-5.11.1.jar:5.11.1]
	at org.apache.activemq.transport.tcp.TcpTransport.doRun(TcpTransport.java:214)[activemq-client-5.11.1.jar:5.11.1]
	at org.apache.activemq.transport.tcp.TcpTransport.run(TcpTransport.java:196)[activemq-client-5.11.1.jar:5.11.1]
	at java.lang.Thread.run(Thread.java:745)[:1.8.0_45]
2015-05-23 20:35:10,545 | WARN  | Security Error occurred: User user is not authorized to create: topic://ActiveMQ.Advisory.Connection | org.apache.activemq.broker.TransportConnection.Service | ActiveMQ Transport: tcp:///127.0.0.1:57806@61616
2015-05-23 20:35:12,548 | INFO  | Stopping tcp://127.0.0.1:57806 because Failed with SecurityException: User user is not authorized to create: topic://ActiveMQ.Advisory.Connection | org.apache.activemq.broker.TransportConnection | ActiveMQ BrokerService[localhost] Task-2
2015-05-23 20:36:23,315 | INFO  | Apache ActiveMQ 5.11.1 (localhost, ID:yukikooozzy-42326-1432406106541-0:1) is shutting down | org.apache.activemq.broker.BrokerService | ActiveMQ ShutdownHook
2015-05-23 20:36:23,318 | INFO  | Connector openwire stopped | org.apache.activemq.broker.TransportConnector | ActiveMQ ShutdownHook
2015-05-23 20:36:23,321 | INFO  | Connector amqp stopped | org.apache.activemq.broker.TransportConnector | ActiveMQ ShutdownHook
2015-05-23 20:36:23,324 | INFO  | Connector stomp stopped | org.apache.activemq.broker.TransportConnector | ActiveMQ ShutdownHook
2015-05-23 20:36:23,326 | INFO  | Connector mqtt stopped | org.apache.activemq.broker.TransportConnector | ActiveMQ ShutdownHook
2015-05-23 20:36:23,420 | INFO  | Connector ws stopped | org.apache.activemq.broker.TransportConnector | ActiveMQ ShutdownHook
2015-05-23 20:36:23,426 | INFO  | PListStore:[/home/yukikoo/Dev/ProgrammationReparti/projet/projetTwitter/ProjetTwitter/activemq-5.11.1/bin/linux-x86-64/../../data/localhost/tmp_storage] stopped | org.apache.activemq.store.kahadb.plist.PListStoreImpl | ActiveMQ ShutdownHook
2015-05-23 20:36:23,428 | INFO  | Stopping async queue tasks | org.apache.activemq.store.kahadb.KahaDBStore | ActiveMQ ShutdownHook
2015-05-23 20:36:23,429 | INFO  | Stopping async topic tasks | org.apache.activemq.store.kahadb.KahaDBStore | ActiveMQ ShutdownHook
2015-05-23 20:36:23,430 | INFO  | Stopped KahaDB | org.apache.activemq.store.kahadb.KahaDBStore | ActiveMQ ShutdownHook
2015-05-23 20:36:23,792 | INFO  | Apache ActiveMQ 5.11.1 (localhost, ID:yukikooozzy-42326-1432406106541-0:1) uptime 1 minute | org.apache.activemq.broker.BrokerService | ActiveMQ ShutdownHook
2015-05-23 20:36:23,794 | INFO  | Apache ActiveMQ 5.11.1 (localhost, ID:yukikooozzy-42326-1432406106541-0:1) is shutdown | org.apache.activemq.broker.BrokerService | ActiveMQ ShutdownHook
2015-05-23 20:36:23,796 | INFO  | Closing org.apache.activemq.xbean.XBeanBrokerFactory$1@2f931909: startup date [Sat May 23 20:35:04 CEST 2015]; root of context hierarchy | org.apache.activemq.xbean.XBeanBrokerFactory$1 | ActiveMQ ShutdownHook
2015-05-23 20:36:23,821 | INFO  | Destroying Spring FrameworkServlet 'dispatcher' | /admin | ActiveMQ ShutdownHook
2015-05-23 20:36:28,343 | INFO  | Refreshing org.apache.activemq.xbean.XBeanBrokerFactory$1@795c63c6: startup date [Sat May 23 20:36:28 CEST 2015]; root of context hierarchy | org.apache.activemq.xbean.XBeanBrokerFactory$1 | WrapperSimpleAppMain
2015-05-23 20:36:29,510 | INFO  | PListStore:[/home/yukikoo/Dev/ProgrammationReparti/projet/projetTwitter/ProjetTwitter/activemq-5.11.1/bin/linux-x86-64/../../data/localhost/tmp_storage] started | org.apache.activemq.store.kahadb.plist.PListStoreImpl | WrapperSimpleAppMain
2015-05-23 20:36:29,546 | INFO  | Using Persistence Adapter: KahaDBPersistenceAdapter[/home/yukikoo/Dev/ProgrammationReparti/projet/projetTwitter/ProjetTwitter/activemq-5.11.1/bin/linux-x86-64/../../data/kahadb] | org.apache.activemq.broker.BrokerService | WrapperSimpleAppMain
2015-05-23 20:36:29,912 | INFO  | KahaDB is version 5 | org.apache.activemq.store.kahadb.MessageDatabase | WrapperSimpleAppMain
2015-05-23 20:36:29,930 | INFO  | Recovering from the journal ... | org.apache.activemq.store.kahadb.MessageDatabase | WrapperSimpleAppMain
2015-05-23 20:36:29,934 | INFO  | Recovery replayed 16 operations from the journal in 0.015 seconds. | org.apache.activemq.store.kahadb.MessageDatabase | WrapperSimpleAppMain
2015-05-23 20:36:30,106 | INFO  | Apache ActiveMQ 5.11.1 (localhost, ID:yukikooozzy-58699-1432406189959-0:1) is starting | org.apache.activemq.broker.BrokerService | WrapperSimpleAppMain
2015-05-23 20:36:30,126 | INFO  | Listening for connections at: tcp://yukikooozzy:61616?maximumConnections=1000&wireFormat.maxFrameSize=104857600 | org.apache.activemq.transport.TransportServerThreadSupport | WrapperSimpleAppMain
2015-05-23 20:36:30,130 | INFO  | Connector openwire started | org.apache.activemq.broker.TransportConnector | WrapperSimpleAppMain
2015-05-23 20:36:30,138 | INFO  | Listening for connections at: amqp://yukikooozzy:5672?maximumConnections=1000&wireFormat.maxFrameSize=104857600 | org.apache.activemq.transport.TransportServerThreadSupport | WrapperSimpleAppMain
2015-05-23 20:36:30,144 | INFO  | Connector amqp started | org.apache.activemq.broker.TransportConnector | WrapperSimpleAppMain
2015-05-23 20:36:30,152 | INFO  | Listening for connections at: stomp://yukikooozzy:61613?maximumConnections=1000&wireFormat.maxFrameSize=104857600 | org.apache.activemq.transport.TransportServerThreadSupport | WrapperSimpleAppMain
2015-05-23 20:36:30,158 | INFO  | Connector stomp started | org.apache.activemq.broker.TransportConnector | WrapperSimpleAppMain
2015-05-23 20:36:30,167 | INFO  | Listening for connections at: mqtt://yukikooozzy:1883?maximumConnections=1000&wireFormat.maxFrameSize=104857600 | org.apache.activemq.transport.TransportServerThreadSupport | WrapperSimpleAppMain
2015-05-23 20:36:30,172 | INFO  | Connector mqtt started | org.apache.activemq.broker.TransportConnector | WrapperSimpleAppMain
2015-05-23 20:36:30,355 | INFO  | Listening for connections at ws://yukikooozzy:61614?maximumConnections=1000&wireFormat.maxFrameSize=104857600 | org.apache.activemq.transport.ws.WSTransportServer | WrapperSimpleAppMain
2015-05-23 20:36:30,356 | INFO  | Connector ws started | org.apache.activemq.broker.TransportConnector | WrapperSimpleAppMain
2015-05-23 20:36:30,361 | INFO  | Apache ActiveMQ 5.11.1 (localhost, ID:yukikooozzy-58699-1432406189959-0:1) started | org.apache.activemq.broker.BrokerService | WrapperSimpleAppMain
2015-05-23 20:36:30,363 | INFO  | For help or more information please see: http://activemq.apache.org | org.apache.activemq.broker.BrokerService | WrapperSimpleAppMain
2015-05-23 20:36:30,366 | WARN  | Store limit is 102400 mb (current store usage is 0 mb). The data directory: /home/yukikoo/Dev/ProgrammationReparti/projet/projetTwitter/ProjetTwitter/activemq-5.11.1/bin/linux-x86-64/../../data/kahadb only has 30435 mb of usable space - resetting to maximum available disk space: 30435 mb | org.apache.activemq.broker.BrokerService | WrapperSimpleAppMain
2015-05-23 20:36:30,369 | WARN  | Temporary Store limit is 51200 mb, whilst the temporary data directory: /home/yukikoo/Dev/ProgrammationReparti/projet/projetTwitter/ProjetTwitter/activemq-5.11.1/bin/linux-x86-64/../../data/localhost/tmp_storage only has 30435 mb of usable space - resetting to maximum available 30435 mb. | org.apache.activemq.broker.BrokerService | WrapperSimpleAppMain
2015-05-23 20:36:30,940 | INFO  | ActiveMQ WebConsole available at http://0.0.0.0:8161/ | org.apache.activemq.web.WebConsoleStarter | WrapperSimpleAppMain
2015-05-23 20:36:31,009 | INFO  | Initializing Spring FrameworkServlet 'dispatcher' | /admin | WrapperSimpleAppMain
2015-05-23 20:36:31,347 | INFO  | jolokia-agent: No access restrictor found at classpath:/jolokia-access.xml, access to all MBeans is allowed | /api | WrapperSimpleAppMain
2015-05-23 20:36:52,495 | WARN  | Security Error occurred: User user is not authorized to write to: topic://romain | org.apache.activemq.broker.TransportConnection.Service | ActiveMQ Transport: tcp:///127.0.0.1:57830@61616
2015-05-23 20:36:52,506 | WARN  | Security Error occurred: User user is not authorized to write to: topic://user | org.apache.activemq.broker.TransportConnection.Service | ActiveMQ Transport: tcp:///127.0.0.1:57830@61616
2015-05-23 20:37:47,678 | INFO  | Apache ActiveMQ 5.11.1 (localhost, ID:yukikooozzy-58699-1432406189959-0:1) is shutting down | org.apache.activemq.broker.BrokerService | Thread-25
2015-05-23 20:37:47,705 | INFO  | Connector openwire stopped | org.apache.activemq.broker.TransportConnector | Thread-25
2015-05-23 20:37:47,711 | INFO  | Connector amqp stopped | org.apache.activemq.broker.TransportConnector | Thread-25
2015-05-23 20:37:47,714 | INFO  | Connector stomp stopped | org.apache.activemq.broker.TransportConnector | Thread-25
2015-05-23 20:37:47,721 | INFO  | Connector mqtt stopped | org.apache.activemq.broker.TransportConnector | Thread-25
2015-05-23 20:37:47,787 | INFO  | Connector ws stopped | org.apache.activemq.broker.TransportConnector | Thread-25
2015-05-23 20:37:47,794 | INFO  | PListStore:[/home/yukikoo/Dev/ProgrammationReparti/projet/projetTwitter/ProjetTwitter/activemq-5.11.1/bin/linux-x86-64/../../data/localhost/tmp_storage] stopped | org.apache.activemq.store.kahadb.plist.PListStoreImpl | Thread-25
2015-05-23 20:37:47,796 | INFO  | Stopping async queue tasks | org.apache.activemq.store.kahadb.KahaDBStore | Thread-25
2015-05-23 20:37:47,797 | INFO  | Stopping async topic tasks | org.apache.activemq.store.kahadb.KahaDBStore | Thread-25
2015-05-23 20:37:47,798 | INFO  | Stopped KahaDB | org.apache.activemq.store.kahadb.KahaDBStore | Thread-25
2015-05-23 20:37:48,194 | INFO  | Apache ActiveMQ 5.11.1 (localhost, ID:yukikooozzy-58699-1432406189959-0:1) uptime 1 minute | org.apache.activemq.broker.BrokerService | Thread-25
2015-05-23 20:37:48,196 | INFO  | Apache ActiveMQ 5.11.1 (localhost, ID:yukikooozzy-58699-1432406189959-0:1) is shutdown | org.apache.activemq.broker.BrokerService | Thread-25
2015-05-23 20:37:48,198 | INFO  | Closing org.apache.activemq.xbean.XBeanBrokerFactory$1@795c63c6: startup date [Sat May 23 20:36:28 CEST 2015]; root of context hierarchy | org.apache.activemq.xbean.XBeanBrokerFactory$1 | Thread-25
2015-05-23 20:37:48,220 | INFO  | Destroying Spring FrameworkServlet 'dispatcher' | /admin | Thread-25
2015-05-23 20:38:12,339 | INFO  | Refreshing org.apache.activemq.xbean.XBeanBrokerFactory$1@31b35fff: startup date [Sat May 23 20:38:12 CEST 2015]; root of context hierarchy | org.apache.activemq.xbean.XBeanBrokerFactory$1 | WrapperSimpleAppMain
2015-05-23 20:38:13,474 | INFO  | PListStore:[/home/yukikoo/Dev/ProgrammationReparti/projet/projetTwitter/ProjetTwitter/activemq-5.11.1/bin/linux-x86-64/../../data/localhost/tmp_storage] started | org.apache.activemq.store.kahadb.plist.PListStoreImpl | WrapperSimpleAppMain
2015-05-23 20:38:13,508 | INFO  | Using Persistence Adapter: KahaDBPersistenceAdapter[/home/yukikoo/Dev/ProgrammationReparti/projet/projetTwitter/ProjetTwitter/activemq-5.11.1/bin/linux-x86-64/../../data/kahadb] | org.apache.activemq.broker.BrokerService | WrapperSimpleAppMain
2015-05-23 20:38:13,850 | INFO  | KahaDB is version 5 | org.apache.activemq.store.kahadb.MessageDatabase | WrapperSimpleAppMain
2015-05-23 20:38:13,869 | INFO  | Recovering from the journal ... | org.apache.activemq.store.kahadb.MessageDatabase | WrapperSimpleAppMain
2015-05-23 20:38:13,874 | INFO  | Recovery replayed 16 operations from the journal in 0.017 seconds. | org.apache.activemq.store.kahadb.MessageDatabase | WrapperSimpleAppMain
2015-05-23 20:38:14,042 | INFO  | Apache ActiveMQ 5.11.1 (localhost, ID:yukikooozzy-51250-1432406293900-0:1) is starting | org.apache.activemq.broker.BrokerService | WrapperSimpleAppMain
2015-05-23 20:38:14,071 | INFO  | Listening for connections at: tcp://yukikooozzy:61616?maximumConnections=1000&wireFormat.maxFrameSize=104857600 | org.apache.activemq.transport.TransportServerThreadSupport | WrapperSimpleAppMain
2015-05-23 20:38:14,076 | INFO  | Connector openwire started | org.apache.activemq.broker.TransportConnector | WrapperSimpleAppMain
2015-05-23 20:38:14,085 | INFO  | Listening for connections at: amqp://yukikooozzy:5672?maximumConnections=1000&wireFormat.maxFrameSize=104857600 | org.apache.activemq.transport.TransportServerThreadSupport | WrapperSimpleAppMain
2015-05-23 20:38:14,092 | INFO  | Connector amqp started | org.apache.activemq.broker.TransportConnector | WrapperSimpleAppMain
2015-05-23 20:38:14,101 | INFO  | Listening for connections at: stomp://yukikooozzy:61613?maximumConnections=1000&wireFormat.maxFrameSize=104857600 | org.apache.activemq.transport.TransportServerThreadSupport | WrapperSimpleAppMain
2015-05-23 20:38:14,108 | INFO  | Connector stomp started | org.apache.activemq.broker.TransportConnector | WrapperSimpleAppMain
2015-05-23 20:38:14,117 | INFO  | Listening for connections at: mqtt://yukikooozzy:1883?maximumConnections=1000&wireFormat.maxFrameSize=104857600 | org.apache.activemq.transport.TransportServerThreadSupport | WrapperSimpleAppMain
2015-05-23 20:38:14,123 | INFO  | Connector mqtt started | org.apache.activemq.broker.TransportConnector | WrapperSimpleAppMain
2015-05-23 20:38:14,263 | INFO  | Listening for connections at ws://yukikooozzy:61614?maximumConnections=1000&wireFormat.maxFrameSize=104857600 | org.apache.activemq.transport.ws.WSTransportServer | WrapperSimpleAppMain
2015-05-23 20:38:14,265 | INFO  | Connector ws started | org.apache.activemq.broker.TransportConnector | WrapperSimpleAppMain
2015-05-23 20:38:14,270 | INFO  | Apache ActiveMQ 5.11.1 (localhost, ID:yukikooozzy-51250-1432406293900-0:1) started | org.apache.activemq.broker.BrokerService | WrapperSimpleAppMain
2015-05-23 20:38:14,272 | INFO  | For help or more information please see: http://activemq.apache.org | org.apache.activemq.broker.BrokerService | WrapperSimpleAppMain
2015-05-23 20:38:14,275 | WARN  | Store limit is 102400 mb (current store usage is 0 mb). The data directory: /home/yukikoo/Dev/ProgrammationReparti/projet/projetTwitter/ProjetTwitter/activemq-5.11.1/bin/linux-x86-64/../../data/kahadb only has 30435 mb of usable space - resetting to maximum available disk space: 30435 mb | org.apache.activemq.broker.BrokerService | WrapperSimpleAppMain
2015-05-23 20:38:14,281 | WARN  | Temporary Store limit is 51200 mb, whilst the temporary data directory: /home/yukikoo/Dev/ProgrammationReparti/projet/projetTwitter/ProjetTwitter/activemq-5.11.1/bin/linux-x86-64/../../data/localhost/tmp_storage only has 30435 mb of usable space - resetting to maximum available 30435 mb. | org.apache.activemq.broker.BrokerService | WrapperSimpleAppMain
2015-05-23 20:38:14,759 | INFO  | ActiveMQ WebConsole available at http://0.0.0.0:8161/ | org.apache.activemq.web.WebConsoleStarter | WrapperSimpleAppMain
2015-05-23 20:38:14,830 | INFO  | Initializing Spring FrameworkServlet 'dispatcher' | /admin | WrapperSimpleAppMain
2015-05-23 20:38:15,184 | INFO  | jolokia-agent: No access restrictor found at classpath:/jolokia-access.xml, access to all MBeans is allowed | /api | WrapperSimpleAppMain
2015-05-23 20:39:26,903 | INFO  | Apache ActiveMQ 5.11.1 (localhost, ID:yukikooozzy-51250-1432406293900-0:1) is shutting down | org.apache.activemq.broker.BrokerService | Thread-25
2015-05-23 20:39:26,908 | INFO  | Connector openwire stopped | org.apache.activemq.broker.TransportConnector | Thread-25
2015-05-23 20:39:26,910 | INFO  | Connector amqp stopped | org.apache.activemq.broker.TransportConnector | Thread-25
2015-05-23 20:39:26,912 | INFO  | Connector stomp stopped | org.apache.activemq.broker.TransportConnector | Thread-25
2015-05-23 20:39:26,914 | INFO  | Connector mqtt stopped | org.apache.activemq.broker.TransportConnector | Thread-25
2015-05-23 20:39:26,979 | INFO  | Connector ws stopped | org.apache.activemq.broker.TransportConnector | Thread-25
2015-05-23 20:39:26,986 | INFO  | PListStore:[/home/yukikoo/Dev/ProgrammationReparti/projet/projetTwitter/ProjetTwitter/activemq-5.11.1/bin/linux-x86-64/../../data/localhost/tmp_storage] stopped | org.apache.activemq.store.kahadb.plist.PListStoreImpl | Thread-25
2015-05-23 20:39:26,987 | INFO  | Stopping async queue tasks | org.apache.activemq.store.kahadb.KahaDBStore | Thread-25
2015-05-23 20:39:26,989 | INFO  | Stopping async topic tasks | org.apache.activemq.store.kahadb.KahaDBStore | Thread-25
2015-05-23 20:39:26,991 | INFO  | Stopped KahaDB | org.apache.activemq.store.kahadb.KahaDBStore | Thread-25
2015-05-23 20:39:27,274 | INFO  | Apache ActiveMQ 5.11.1 (localhost, ID:yukikooozzy-51250-1432406293900-0:1) uptime 1 minute | org.apache.activemq.broker.BrokerService | Thread-25
2015-05-23 20:39:27,276 | INFO  | Apache ActiveMQ 5.11.1 (localhost, ID:yukikooozzy-51250-1432406293900-0:1) is shutdown | org.apache.activemq.broker.BrokerService | Thread-25
2015-05-23 20:39:27,278 | INFO  | Closing org.apache.activemq.xbean.XBeanBrokerFactory$1@31b35fff: startup date [Sat May 23 20:38:12 CEST 2015]; root of context hierarchy | org.apache.activemq.xbean.XBeanBrokerFactory$1 | Thread-25
2015-05-23 20:39:27,299 | INFO  | Destroying Spring FrameworkServlet 'dispatcher' | /admin | Thread-25
2015-05-23 20:39:30,644 | INFO  | Refreshing org.apache.activemq.xbean.XBeanBrokerFactory$1@31b35fff: startup date [Sat May 23 20:39:30 CEST 2015]; root of context hierarchy | org.apache.activemq.xbean.XBeanBrokerFactory$1 | WrapperSimpleAppMain
2015-05-23 20:39:31,803 | INFO  | PListStore:[/home/yukikoo/Dev/ProgrammationReparti/projet/projetTwitter/ProjetTwitter/activemq-5.11.1/bin/linux-x86-64/../../data/localhost/tmp_storage] started | org.apache.activemq.store.kahadb.plist.PListStoreImpl | WrapperSimpleAppMain
2015-05-23 20:39:31,831 | INFO  | Using Persistence Adapter: KahaDBPersistenceAdapter[/home/yukikoo/Dev/ProgrammationReparti/projet/projetTwitter/ProjetTwitter/activemq-5.11.1/bin/linux-x86-64/../../data/kahadb] | org.apache.activemq.broker.BrokerService | WrapperSimpleAppMain
2015-05-23 20:39:32,217 | INFO  | KahaDB is version 5 | org.apache.activemq.store.kahadb.MessageDatabase | WrapperSimpleAppMain
2015-05-23 20:39:32,258 | INFO  | Recovering from the journal ... | org.apache.activemq.store.kahadb.MessageDatabase | WrapperSimpleAppMain
2015-05-23 20:39:32,267 | INFO  | Recovery replayed 15 operations from the journal in 0.033 seconds. | org.apache.activemq.store.kahadb.MessageDatabase | WrapperSimpleAppMain
2015-05-23 20:39:32,456 | INFO  | Apache ActiveMQ 5.11.1 (localhost, ID:yukikooozzy-38804-1432406372306-0:1) is starting | org.apache.activemq.broker.BrokerService | WrapperSimpleAppMain
2015-05-23 20:39:32,479 | INFO  | Listening for connections at: tcp://yukikooozzy:61616?maximumConnections=1000&wireFormat.maxFrameSize=104857600 | org.apache.activemq.transport.TransportServerThreadSupport | WrapperSimpleAppMain
2015-05-23 20:39:32,483 | INFO  | Connector openwire started | org.apache.activemq.broker.TransportConnector | WrapperSimpleAppMain
2015-05-23 20:39:32,493 | INFO  | Listening for connections at: amqp://yukikooozzy:5672?maximumConnections=1000&wireFormat.maxFrameSize=104857600 | org.apache.activemq.transport.TransportServerThreadSupport | WrapperSimpleAppMain
2015-05-23 20:39:32,499 | INFO  | Connector amqp started | org.apache.activemq.broker.TransportConnector | WrapperSimpleAppMain
2015-05-23 20:39:32,508 | INFO  | Listening for connections at: stomp://yukikooozzy:61613?maximumConnections=1000&wireFormat.maxFrameSize=104857600 | org.apache.activemq.transport.TransportServerThreadSupport | WrapperSimpleAppMain
2015-05-23 20:39:32,514 | INFO  | Connector stomp started | org.apache.activemq.broker.TransportConnector | WrapperSimpleAppMain
2015-05-23 20:39:32,522 | INFO  | Listening for connections at: mqtt://yukikooozzy:1883?maximumConnections=1000&wireFormat.maxFrameSize=104857600 | org.apache.activemq.transport.TransportServerThreadSupport | WrapperSimpleAppMain
2015-05-23 20:39:32,528 | INFO  | Connector mqtt started | org.apache.activemq.broker.TransportConnector | WrapperSimpleAppMain
2015-05-23 20:39:32,684 | INFO  | Listening for connections at ws://yukikooozzy:61614?maximumConnections=1000&wireFormat.maxFrameSize=104857600 | org.apache.activemq.transport.ws.WSTransportServer | WrapperSimpleAppMain
2015-05-23 20:39:32,685 | INFO  | Connector ws started | org.apache.activemq.broker.TransportConnector | WrapperSimpleAppMain
2015-05-23 20:39:32,688 | INFO  | Apache ActiveMQ 5.11.1 (localhost, ID:yukikooozzy-38804-1432406372306-0:1) started | org.apache.activemq.broker.BrokerService | WrapperSimpleAppMain
2015-05-23 20:39:32,689 | INFO  | For help or more information please see: http://activemq.apache.org | org.apache.activemq.broker.BrokerService | WrapperSimpleAppMain
2015-05-23 20:39:32,691 | WARN  | Store limit is 102400 mb (current store usage is 0 mb). The data directory: /home/yukikoo/Dev/ProgrammationReparti/projet/projetTwitter/ProjetTwitter/activemq-5.11.1/bin/linux-x86-64/../../data/kahadb only has 30435 mb of usable space - resetting to maximum available disk space: 30435 mb | org.apache.activemq.broker.BrokerService | WrapperSimpleAppMain
2015-05-23 20:39:32,693 | WARN  | Temporary Store limit is 51200 mb, whilst the temporary data directory: /home/yukikoo/Dev/ProgrammationReparti/projet/projetTwitter/ProjetTwitter/activemq-5.11.1/bin/linux-x86-64/../../data/localhost/tmp_storage only has 30435 mb of usable space - resetting to maximum available 30435 mb. | org.apache.activemq.broker.BrokerService | WrapperSimpleAppMain
2015-05-23 20:39:33,185 | INFO  | ActiveMQ WebConsole available at http://0.0.0.0:8161/ | org.apache.activemq.web.WebConsoleStarter | WrapperSimpleAppMain
2015-05-23 20:39:33,253 | INFO  | Initializing Spring FrameworkServlet 'dispatcher' | /admin | WrapperSimpleAppMain
2015-05-23 20:39:33,527 | INFO  | jolokia-agent: No access restrictor found at classpath:/jolokia-access.xml, access to all MBeans is allowed | /api | WrapperSimpleAppMain
2015-05-23 20:40:39,892 | INFO  | Apache ActiveMQ 5.11.1 (localhost, ID:yukikooozzy-38804-1432406372306-0:1) is shutting down | org.apache.activemq.broker.BrokerService | Thread-25
2015-05-23 20:40:39,961 | INFO  | Connector openwire stopped | org.apache.activemq.broker.TransportConnector | Thread-25
2015-05-23 20:40:39,965 | INFO  | Connector amqp stopped | org.apache.activemq.broker.TransportConnector | Thread-25
2015-05-23 20:40:39,970 | INFO  | Connector stomp stopped | org.apache.activemq.broker.TransportConnector | Thread-25
2015-05-23 20:40:39,973 | INFO  | Connector mqtt stopped | org.apache.activemq.broker.TransportConnector | Thread-25
2015-05-23 20:40:40,038 | INFO  | Connector ws stopped | org.apache.activemq.broker.TransportConnector | Thread-25
2015-05-23 20:40:40,045 | INFO  | PListStore:[/home/yukikoo/Dev/ProgrammationReparti/projet/projetTwitter/ProjetTwitter/activemq-5.11.1/bin/linux-x86-64/../../data/localhost/tmp_storage] stopped | org.apache.activemq.store.kahadb.plist.PListStoreImpl | Thread-25
2015-05-23 20:40:40,046 | INFO  | Stopping async queue tasks | org.apache.activemq.store.kahadb.KahaDBStore | Thread-25
2015-05-23 20:40:40,047 | INFO  | Stopping async topic tasks | org.apache.activemq.store.kahadb.KahaDBStore | Thread-25
2015-05-23 20:40:40,048 | INFO  | Stopped KahaDB | org.apache.activemq.store.kahadb.KahaDBStore | Thread-25
2015-05-23 20:40:40,467 | INFO  | Apache ActiveMQ 5.11.1 (localhost, ID:yukikooozzy-38804-1432406372306-0:1) uptime 1 minute | org.apache.activemq.broker.BrokerService | Thread-25
2015-05-23 20:40:40,469 | INFO  | Apache ActiveMQ 5.11.1 (localhost, ID:yukikooozzy-38804-1432406372306-0:1) is shutdown | org.apache.activemq.broker.BrokerService | Thread-25
2015-05-23 20:40:40,471 | INFO  | Closing org.apache.activemq.xbean.XBeanBrokerFactory$1@31b35fff: startup date [Sat May 23 20:39:30 CEST 2015]; root of context hierarchy | org.apache.activemq.xbean.XBeanBrokerFactory$1 | Thread-25
2015-05-23 20:40:40,493 | INFO  | Destroying Spring FrameworkServlet 'dispatcher' | /admin | Thread-25
