STATUS | wrapper  | 2015/05/22 16:01:54 | WARNING: Could not write lock file /var/lock/subsys/ActiveMQ: Permission denied
STATUS | wrapper  | 2015/05/22 16:01:54 | --> Wrapper Started as Daemon
STATUS | wrapper  | 2015/05/22 16:01:54 | Launching a JVM...
INFO   | jvm 1    | 2015/05/22 16:01:55 | Wrapper (Version 3.2.3) http://wrapper.tanukisoftware.org
INFO   | jvm 1    | 2015/05/22 16:01:55 |   Copyright 1999-2006 Tanuki Software, Inc.  All Rights Reserved.
INFO   | jvm 1    | 2015/05/22 16:01:55 | 
INFO   | jvm 1    | 2015/05/22 16:01:56 | Java Runtime: Oracle Corporation 1.8.0_45 /usr/lib/jvm/java-8-openjdk/jre
INFO   | jvm 1    | 2015/05/22 16:01:56 |   Heap sizes: current=58880k  free=53291k  max=932352k
INFO   | jvm 1    | 2015/05/22 16:01:56 |     JVM args: -Dactivemq.home=../.. -Dactivemq.base=../.. -Djavax.net.ssl.keyStorePassword=password -Djavax.net.ssl.trustStorePassword=password -Djavax.net.ssl.keyStore=../../conf/broker.ks -Djavax.net.ssl.trustStore=../../conf/broker.ts -Dcom.sun.management.jmxremote -Dorg.apache.activemq.UseDedicatedTaskRunner=true -Djava.util.logging.config.file=logging.properties -Dactivemq.conf=../../conf -Dactivemq.data=../../data -Djava.security.auth.login.config=../../conf/login.config -Xmx1024m -Djava.library.path=../../bin/linux-x86-64/ -Dwrapper.key=7DqQ1_G3BQ7QlKXS -Dwrapper.port=32000 -Dwrapper.jvm.port.min=31000 -Dwrapper.jvm.port.max=31999 -Dwrapper.pid=31781 -Dwrapper.version=3.2.3 -Dwrapper.native_library=wrapper -Dwrapper.service=TRUE -Dwrapper.cpu.timeout=10 -Dwrapper.jvmid=1
INFO   | jvm 1    | 2015/05/22 16:01:56 | Extensions classpath:
INFO   | jvm 1    | 2015/05/22 16:01:56 |   [../../lib,../../lib/camel,../../lib/optional,../../lib/web,../../lib/extra]
INFO   | jvm 1    | 2015/05/22 16:01:56 | ACTIVEMQ_HOME: ../..
INFO   | jvm 1    | 2015/05/22 16:01:56 | ACTIVEMQ_BASE: ../..
INFO   | jvm 1    | 2015/05/22 16:01:56 | ACTIVEMQ_CONF: ../../conf
INFO   | jvm 1    | 2015/05/22 16:01:56 | ACTIVEMQ_DATA: ../../data
INFO   | jvm 1    | 2015/05/22 16:01:57 | Loading message broker from: xbean:activemq.xml
INFO   | jvm 1    | 2015/05/22 16:01:57 |  INFO | Refreshing org.apache.activemq.xbean.XBeanBrokerFactory$1@794292bb: startup date [Fri May 22 16:01:57 CEST 2015]; root of context hierarchy
INFO   | jvm 1    | 2015/05/22 16:02:02 |  INFO | PListStore:[/home/yukikoo/Downloads/apache-activemq-5.11.1/bin/linux-x86-64/../../data/localhost/tmp_storage] started
INFO   | jvm 1    | 2015/05/22 16:02:02 |  INFO | Using Persistence Adapter: KahaDBPersistenceAdapter[/home/yukikoo/Downloads/apache-activemq-5.11.1/bin/linux-x86-64/../../data/kahadb]
INFO   | jvm 1    | 2015/05/22 16:02:03 |  INFO | Apache ActiveMQ 5.11.1 (localhost, ID:yukikooozzy-34320-1432303323291-0:1) is starting
INFO   | jvm 1    | 2015/05/22 16:02:03 | ERROR | Failed to start Apache ActiveMQ ([localhost, ID:yukikooozzy-34320-1432303323291-0:1], java.io.IOException: Transport Connector could not be registered in JMX: java.io.IOException: Failed to bind to server socket: tcp://0.0.0.0:61616?maximumConnections=1000&wireFormat.maxFrameSize=104857600 due to: java.net.BindException: Address already in use)
INFO   | jvm 1    | 2015/05/22 16:02:03 |  INFO | Apache ActiveMQ 5.11.1 (localhost, ID:yukikooozzy-34320-1432303323291-0:1) is shutting down
INFO   | jvm 1    | 2015/05/22 16:02:03 |  INFO | Connector openwire stopped
INFO   | jvm 1    | 2015/05/22 16:02:04 |  INFO | Connector amqp stopped
INFO   | jvm 1    | 2015/05/22 16:02:04 |  INFO | Connector stomp stopped
INFO   | jvm 1    | 2015/05/22 16:02:04 |  INFO | Connector mqtt stopped
INFO   | jvm 1    | 2015/05/22 16:02:04 |  INFO | Connector ws stopped
INFO   | jvm 1    | 2015/05/22 16:02:04 |  INFO | PListStore:[/home/yukikoo/Downloads/apache-activemq-5.11.1/bin/linux-x86-64/../../data/localhost/tmp_storage] stopped
INFO   | jvm 1    | 2015/05/22 16:02:04 |  INFO | Stopping async queue tasks
INFO   | jvm 1    | 2015/05/22 16:02:04 |  INFO | Stopping async topic tasks
INFO   | jvm 1    | 2015/05/22 16:02:04 |  INFO | Stopped KahaDB
INFO   | jvm 1    | 2015/05/22 16:02:04 |  INFO | Apache ActiveMQ 5.11.1 (localhost, ID:yukikooozzy-34320-1432303323291-0:1) uptime 2.351 seconds
INFO   | jvm 1    | 2015/05/22 16:02:04 |  INFO | Apache ActiveMQ 5.11.1 (localhost, ID:yukikooozzy-34320-1432303323291-0:1) is shutdown
INFO   | jvm 1    | 2015/05/22 16:02:04 |  INFO | Closing org.apache.activemq.xbean.XBeanBrokerFactory$1@794292bb: startup date [Fri May 22 16:01:57 CEST 2015]; root of context hierarchy
INFO   | jvm 1    | 2015/05/22 16:02:04 |  WARN | Exception thrown from LifecycleProcessor on context close
INFO   | jvm 1    | 2015/05/22 16:02:04 | java.lang.IllegalStateException: LifecycleProcessor not initialized - call 'refresh' before invoking lifecycle methods via the context: org.apache.activemq.xbean.XBeanBrokerFactory$1@794292bb: startup date [Fri May 22 16:01:57 CEST 2015]; root of context hierarchy
INFO   | jvm 1    | 2015/05/22 16:02:04 | 	at org.springframework.context.support.AbstractApplicationContext.getLifecycleProcessor(AbstractApplicationContext.java:360)[spring-context-3.2.11.RELEASE.jar:3.2.11.RELEASE]
INFO   | jvm 1    | 2015/05/22 16:02:04 | 	at org.springframework.context.support.AbstractApplicationContext.doClose(AbstractApplicationContext.java:1059)[spring-context-3.2.11.RELEASE.jar:3.2.11.RELEASE]
INFO   | jvm 1    | 2015/05/22 16:02:04 | 	at org.springframework.context.support.AbstractApplicationContext.close(AbstractApplicationContext.java:1012)[spring-context-3.2.11.RELEASE.jar:3.2.11.RELEASE]
INFO   | jvm 1    | 2015/05/22 16:02:04 | 	at org.apache.activemq.hooks.SpringContextHook.run(SpringContextHook.java:30)[activemq-spring-5.11.1.jar:5.11.1]
INFO   | jvm 1    | 2015/05/22 16:02:04 | 	at org.apache.activemq.broker.BrokerService.stop(BrokerService.java:826)[activemq-broker-5.11.1.jar:5.11.1]
INFO   | jvm 1    | 2015/05/22 16:02:04 | 	at org.apache.activemq.xbean.XBeanBrokerService.stop(XBeanBrokerService.java:122)[activemq-spring-5.11.1.jar:5.11.1]
INFO   | jvm 1    | 2015/05/22 16:02:04 | 	at org.apache.activemq.broker.BrokerService.start(BrokerService.java:612)[activemq-broker-5.11.1.jar:5.11.1]
INFO   | jvm 1    | 2015/05/22 16:02:04 | 	at org.apache.activemq.xbean.XBeanBrokerService.afterPropertiesSet(XBeanBrokerService.java:73)[activemq-spring-5.11.1.jar:5.11.1]
INFO   | jvm 1    | 2015/05/22 16:02:04 | 	at sun.reflect.NativeMethodAccessorImpl.invoke0(Native Method)[:1.8.0_45]
INFO   | jvm 1    | 2015/05/22 16:02:04 | 	at sun.reflect.NativeMethodAccessorImpl.invoke(NativeMethodAccessorImpl.java:62)[:1.8.0_45]
INFO   | jvm 1    | 2015/05/22 16:02:04 | 	at sun.reflect.DelegatingMethodAccessorImpl.invoke(DelegatingMethodAccessorImpl.java:43)[:1.8.0_45]
INFO   | jvm 1    | 2015/05/22 16:02:04 | 	at java.lang.reflect.Method.invoke(Method.java:497)[:1.8.0_45]
INFO   | jvm 1    | 2015/05/22 16:02:04 | 	at org.springframework.beans.factory.support.AbstractAutowireCapableBeanFactory.invokeCustomInitMethod(AbstractAutowireCapableBeanFactory.java:1640)[spring-beans-3.2.11.RELEASE.jar:3.2.11.RELEASE]
INFO   | jvm 1    | 2015/05/22 16:02:04 | 	at org.springframework.beans.factory.support.AbstractAutowireCapableBeanFactory.invokeInitMethods(AbstractAutowireCapableBeanFactory.java:1581)[spring-beans-3.2.11.RELEASE.jar:3.2.11.RELEASE]
INFO   | jvm 1    | 2015/05/22 16:02:04 | 	at org.springframework.beans.factory.support.AbstractAutowireCapableBeanFactory.initializeBean(AbstractAutowireCapableBeanFactory.java:1511)[spring-beans-3.2.11.RELEASE.jar:3.2.11.RELEASE]
INFO   | jvm 1    | 2015/05/22 16:02:04 | 	at org.springframework.beans.factory.support.AbstractAutowireCapableBeanFactory.doCreateBean(AbstractAutowireCapableBeanFactory.java:521)[spring-beans-3.2.11.RELEASE.jar:3.2.11.RELEASE]
INFO   | jvm 1    | 2015/05/22 16:02:04 | 	at org.springframework.beans.factory.support.AbstractAutowireCapableBeanFactory.createBean(AbstractAutowireCapableBeanFactory.java:458)[spring-beans-3.2.11.RELEASE.jar:3.2.11.RELEASE]
INFO   | jvm 1    | 2015/05/22 16:02:04 | 	at org.springframework.beans.factory.support.AbstractBeanFactory$1.getObject(AbstractBeanFactory.java:293)[spring-beans-3.2.11.RELEASE.jar:3.2.11.RELEASE]
INFO   | jvm 1    | 2015/05/22 16:02:04 | 	at org.springframework.beans.factory.support.DefaultSingletonBeanRegistry.getSingleton(DefaultSingletonBeanRegistry.java:223)[spring-beans-3.2.11.RELEASE.jar:3.2.11.RELEASE]
INFO   | jvm 1    | 2015/05/22 16:02:04 | 	at org.springframework.beans.factory.support.AbstractBeanFactory.doGetBean(AbstractBeanFactory.java:290)[spring-beans-3.2.11.RELEASE.jar:3.2.11.RELEASE]
INFO   | jvm 1    | 2015/05/22 16:02:04 | 	at org.springframework.beans.factory.support.AbstractBeanFactory.getBean(AbstractBeanFactory.java:191)[spring-beans-3.2.11.RELEASE.jar:3.2.11.RELEASE]
INFO   | jvm 1    | 2015/05/22 16:02:04 | 	at org.springframework.beans.factory.support.DefaultListableBeanFactory.preInstantiateSingletons(DefaultListableBeanFactory.java:636)[spring-beans-3.2.11.RELEASE.jar:3.2.11.RELEASE]
INFO   | jvm 1    | 2015/05/22 16:02:04 | 	at org.springframework.context.support.AbstractApplicationContext.finishBeanFactoryInitialization(AbstractApplicationContext.java:934)[spring-context-3.2.11.RELEASE.jar:3.2.11.RELEASE]
INFO   | jvm 1    | 2015/05/22 16:02:04 | 	at org.springframework.context.support.AbstractApplicationContext.refresh(AbstractApplicationContext.java:479)[spring-context-3.2.11.RELEASE.jar:3.2.11.RELEASE]
INFO   | jvm 1    | 2015/05/22 16:02:04 | 	at org.apache.xbean.spring.context.ResourceXmlApplicationContext.<init>(ResourceXmlApplicationContext.java:64)[xbean-spring-3.18.jar:3.18]
INFO   | jvm 1    | 2015/05/22 16:02:04 | 	at org.apache.xbean.spring.context.ResourceXmlApplicationContext.<init>(ResourceXmlApplicationContext.java:52)[xbean-spring-3.18.jar:3.18]
INFO   | jvm 1    | 2015/05/22 16:02:04 | 	at org.apache.activemq.xbean.XBeanBrokerFactory$1.<init>(XBeanBrokerFactory.java:104)[activemq-spring-5.11.1.jar:5.11.1]
INFO   | jvm 1    | 2015/05/22 16:02:04 | 	at org.apache.activemq.xbean.XBeanBrokerFactory.createApplicationContext(XBeanBrokerFactory.java:104)[activemq-spring-5.11.1.jar:5.11.1]
INFO   | jvm 1    | 2015/05/22 16:02:04 | 	at org.apache.activemq.xbean.XBeanBrokerFactory.createBroker(XBeanBrokerFactory.java:67)[activemq-spring-5.11.1.jar:5.11.1]
INFO   | jvm 1    | 2015/05/22 16:02:04 | 	at org.apache.activemq.broker.BrokerFactory.createBroker(BrokerFactory.java:71)[activemq-broker-5.11.1.jar:5.11.1]
INFO   | jvm 1    | 2015/05/22 16:02:04 | 	at org.apache.activemq.broker.BrokerFactory.createBroker(BrokerFactory.java:54)[activemq-broker-5.11.1.jar:5.11.1]
INFO   | jvm 1    | 2015/05/22 16:02:04 | 	at org.apache.activemq.console.command.StartCommand.runTask(StartCommand.java:87)[activemq-console-5.11.1.jar:5.11.1]
INFO   | jvm 1    | 2015/05/22 16:02:04 | 	at org.apache.activemq.console.command.AbstractCommand.execute(AbstractCommand.java:57)[activemq-console-5.11.1.jar:5.11.1]
INFO   | jvm 1    | 2015/05/22 16:02:04 | 	at org.apache.activemq.console.command.ShellCommand.runTask(ShellCommand.java:150)[activemq-console-5.11.1.jar:5.11.1]
INFO   | jvm 1    | 2015/05/22 16:02:04 | 	at org.apache.activemq.console.command.AbstractCommand.execute(AbstractCommand.java:57)[activemq-console-5.11.1.jar:5.11.1]
INFO   | jvm 1    | 2015/05/22 16:02:04 | 	at org.apache.activemq.console.command.ShellCommand.main(ShellCommand.java:104)[activemq-console-5.11.1.jar:5.11.1]
INFO   | jvm 1    | 2015/05/22 16:02:04 | 	at sun.reflect.NativeMethodAccessorImpl.invoke0(Native Method)[:1.8.0_45]
INFO   | jvm 1    | 2015/05/22 16:02:04 | 	at sun.reflect.NativeMethodAccessorImpl.invoke(NativeMethodAccessorImpl.java:62)[:1.8.0_45]
INFO   | jvm 1    | 2015/05/22 16:02:04 | 	at sun.reflect.DelegatingMethodAccessorImpl.invoke(DelegatingMethodAccessorImpl.java:43)[:1.8.0_45]
INFO   | jvm 1    | 2015/05/22 16:02:04 | 	at java.lang.reflect.Method.invoke(Method.java:497)[:1.8.0_45]
INFO   | jvm 1    | 2015/05/22 16:02:04 | 	at org.apache.activemq.console.Main.runTaskClass(Main.java:262)[activemq.jar:5.11.1]
INFO   | jvm 1    | 2015/05/22 16:02:04 | 	at org.apache.activemq.console.Main.main(Main.java:115)[activemq.jar:5.11.1]
INFO   | jvm 1    | 2015/05/22 16:02:04 | 	at sun.reflect.NativeMethodAccessorImpl.invoke0(Native Method)[:1.8.0_45]
INFO   | jvm 1    | 2015/05/22 16:02:04 | 	at sun.reflect.NativeMethodAccessorImpl.invoke(NativeMethodAccessorImpl.java:62)[:1.8.0_45]
INFO   | jvm 1    | 2015/05/22 16:02:04 | 	at sun.reflect.DelegatingMethodAccessorImpl.invoke(DelegatingMethodAccessorImpl.java:43)[:1.8.0_45]
INFO   | jvm 1    | 2015/05/22 16:02:04 | 	at java.lang.reflect.Method.invoke(Method.java:497)[:1.8.0_45]
INFO   | jvm 1    | 2015/05/22 16:02:04 | 	at org.tanukisoftware.wrapper.WrapperSimpleApp.run(WrapperSimpleApp.java:240)[wrapper.jar:3.2.3]
INFO   | jvm 1    | 2015/05/22 16:02:04 | 	at java.lang.Thread.run(Thread.java:745)[:1.8.0_45]
INFO   | jvm 1    | 2015/05/22 16:02:04 |  WARN | Exception encountered during context initialization - cancelling refresh attempt
INFO   | jvm 1    | 2015/05/22 16:02:04 | org.springframework.beans.factory.BeanCreationException: Error creating bean with name 'org.apache.activemq.xbean.XBeanBrokerService#0' defined in class path resource [activemq.xml]: Invocation of init method failed; nested exception is java.io.IOException: Transport Connector could not be registered in JMX: java.io.IOException: Failed to bind to server socket: tcp://0.0.0.0:61616?maximumConnections=1000&wireFormat.maxFrameSize=104857600 due to: java.net.BindException: Address already in use
INFO   | jvm 1    | 2015/05/22 16:02:04 | 	at org.springframework.beans.factory.support.AbstractAutowireCapableBeanFactory.initializeBean(AbstractAutowireCapableBeanFactory.java:1514)[spring-beans-3.2.11.RELEASE.jar:3.2.11.RELEASE]
INFO   | jvm 1    | 2015/05/22 16:02:04 | 	at org.springframework.beans.factory.support.AbstractAutowireCapableBeanFactory.doCreateBean(AbstractAutowireCapableBeanFactory.java:521)[spring-beans-3.2.11.RELEASE.jar:3.2.11.RELEASE]
INFO   | jvm 1    | 2015/05/22 16:02:04 | 	at org.springframework.beans.factory.support.AbstractAutowireCapableBeanFactory.createBean(AbstractAutowireCapableBeanFactory.java:458)[spring-beans-3.2.11.RELEASE.jar:3.2.11.RELEASE]
INFO   | jvm 1    | 2015/05/22 16:02:04 | 	at org.springframework.beans.factory.support.AbstractBeanFactory$1.getObject(AbstractBeanFactory.java:293)[spring-beans-3.2.11.RELEASE.jar:3.2.11.RELEASE]
INFO   | jvm 1    | 2015/05/22 16:02:04 | 	at org.springframework.beans.factory.support.DefaultSingletonBeanRegistry.getSingleton(DefaultSingletonBeanRegistry.java:223)[spring-beans-3.2.11.RELEASE.jar:3.2.11.RELEASE]
INFO   | jvm 1    | 2015/05/22 16:02:04 | 	at org.springframework.beans.factory.support.AbstractBeanFactory.doGetBean(AbstractBeanFactory.java:290)[spring-beans-3.2.11.RELEASE.jar:3.2.11.RELEASE]
INFO   | jvm 1    | 2015/05/22 16:02:04 | 	at org.springframework.beans.factory.support.AbstractBeanFactory.getBean(AbstractBeanFactory.java:191)[spring-beans-3.2.11.RELEASE.jar:3.2.11.RELEASE]
INFO   | jvm 1    | 2015/05/22 16:02:04 | 	at org.springframework.beans.factory.support.DefaultListableBeanFactory.preInstantiateSingletons(DefaultListableBeanFactory.java:636)[spring-beans-3.2.11.RELEASE.jar:3.2.11.RELEASE]
INFO   | jvm 1    | 2015/05/22 16:02:04 | 	at org.springframework.context.support.AbstractApplicationContext.finishBeanFactoryInitialization(AbstractApplicationContext.java:934)[spring-context-3.2.11.RELEASE.jar:3.2.11.RELEASE]
INFO   | jvm 1    | 2015/05/22 16:02:04 | 	at org.springframework.context.support.AbstractApplicationContext.refresh(AbstractApplicationContext.java:479)[spring-context-3.2.11.RELEASE.jar:3.2.11.RELEASE]
INFO   | jvm 1    | 2015/05/22 16:02:04 | 	at org.apache.xbean.spring.context.ResourceXmlApplicationContext.<init>(ResourceXmlApplicationContext.java:64)[xbean-spring-3.18.jar:3.18]
INFO   | jvm 1    | 2015/05/22 16:02:04 | 	at org.apache.xbean.spring.context.ResourceXmlApplicationContext.<init>(ResourceXmlApplicationContext.java:52)[xbean-spring-3.18.jar:3.18]
INFO   | jvm 1    | 2015/05/22 16:02:04 | 	at org.apache.activemq.xbean.XBeanBrokerFactory$1.<init>(XBeanBrokerFactory.java:104)[activemq-spring-5.11.1.jar:5.11.1]
INFO   | jvm 1    | 2015/05/22 16:02:04 | 	at org.apache.activemq.xbean.XBeanBrokerFactory.createApplicationContext(XBeanBrokerFactory.java:104)[activemq-spring-5.11.1.jar:5.11.1]
INFO   | jvm 1    | 2015/05/22 16:02:04 | 	at org.apache.activemq.xbean.XBeanBrokerFactory.createBroker(XBeanBrokerFactory.java:67)[activemq-spring-5.11.1.jar:5.11.1]
INFO   | jvm 1    | 2015/05/22 16:02:04 | 	at org.apache.activemq.broker.BrokerFactory.createBroker(BrokerFactory.java:71)[activemq-broker-5.11.1.jar:5.11.1]
INFO   | jvm 1    | 2015/05/22 16:02:04 | 	at org.apache.activemq.broker.BrokerFactory.createBroker(BrokerFactory.java:54)[activemq-broker-5.11.1.jar:5.11.1]
INFO   | jvm 1    | 2015/05/22 16:02:04 | 	at org.apache.activemq.console.command.StartCommand.runTask(StartCommand.java:87)[activemq-console-5.11.1.jar:5.11.1]
INFO   | jvm 1    | 2015/05/22 16:02:04 | 	at org.apache.activemq.console.command.AbstractCommand.execute(AbstractCommand.java:57)[activemq-console-5.11.1.jar:5.11.1]
INFO   | jvm 1    | 2015/05/22 16:02:04 | 	at org.apache.activemq.console.command.ShellCommand.runTask(ShellCommand.java:150)[activemq-console-5.11.1.jar:5.11.1]
INFO   | jvm 1    | 2015/05/22 16:02:04 | 	at org.apache.activemq.console.command.AbstractCommand.execute(AbstractCommand.java:57)[activemq-console-5.11.1.jar:5.11.1]
INFO   | jvm 1    | 2015/05/22 16:02:04 | 	at org.apache.activemq.console.command.ShellCommand.main(ShellCommand.java:104)[activemq-console-5.11.1.jar:5.11.1]
INFO   | jvm 1    | 2015/05/22 16:02:04 | 	at sun.reflect.NativeMethodAccessorImpl.invoke0(Native Method)[:1.8.0_45]
INFO   | jvm 1    | 2015/05/22 16:02:04 | 	at sun.reflect.NativeMethodAccessorImpl.invoke(NativeMethodAccessorImpl.java:62)[:1.8.0_45]
INFO   | jvm 1    | 2015/05/22 16:02:04 | 	at sun.reflect.DelegatingMethodAccessorImpl.invoke(DelegatingMethodAccessorImpl.java:43)[:1.8.0_45]
INFO   | jvm 1    | 2015/05/22 16:02:04 | 	at java.lang.reflect.Method.invoke(Method.java:497)[:1.8.0_45]
INFO   | jvm 1    | 2015/05/22 16:02:04 | 	at org.apache.activemq.console.Main.runTaskClass(Main.java:262)[activemq.jar:5.11.1]
INFO   | jvm 1    | 2015/05/22 16:02:04 | 	at org.apache.activemq.console.Main.main(Main.java:115)[activemq.jar:5.11.1]
INFO   | jvm 1    | 2015/05/22 16:02:04 | 	at sun.reflect.NativeMethodAccessorImpl.invoke0(Native Method)[:1.8.0_45]
INFO   | jvm 1    | 2015/05/22 16:02:04 | 	at sun.reflect.NativeMethodAccessorImpl.invoke(NativeMethodAccessorImpl.java:62)[:1.8.0_45]
INFO   | jvm 1    | 2015/05/22 16:02:04 | 	at sun.reflect.DelegatingMethodAccessorImpl.invoke(DelegatingMethodAccessorImpl.java:43)[:1.8.0_45]
INFO   | jvm 1    | 2015/05/22 16:02:04 | 	at java.lang.reflect.Method.invoke(Method.java:497)[:1.8.0_45]
INFO   | jvm 1    | 2015/05/22 16:02:04 | 	at org.tanukisoftware.wrapper.WrapperSimpleApp.run(WrapperSimpleApp.java:240)[wrapper.jar:3.2.3]
INFO   | jvm 1    | 2015/05/22 16:02:04 | 	at java.lang.Thread.run(Thread.java:745)[:1.8.0_45]
INFO   | jvm 1    | 2015/05/22 16:02:04 | ERROR: java.lang.RuntimeException: Failed to execute start task. Reason: java.lang.IllegalStateException: BeanFactory not initialized or already closed - call 'refresh' before accessing beans via the ApplicationContext
INFO   | jvm 1    | 2015/05/22 16:02:04 | java.lang.RuntimeException: Failed to execute start task. Reason: java.lang.IllegalStateException: BeanFactory not initialized or already closed - call 'refresh' before accessing beans via the ApplicationContext
INFO   | jvm 1    | 2015/05/22 16:02:04 | 	at org.apache.activemq.console.command.StartCommand.runTask(StartCommand.java:91)
INFO   | jvm 1    | 2015/05/22 16:02:04 | 	at org.apache.activemq.console.command.AbstractCommand.execute(AbstractCommand.java:57)
INFO   | jvm 1    | 2015/05/22 16:02:04 | 	at org.apache.activemq.console.command.ShellCommand.runTask(ShellCommand.java:150)
INFO   | jvm 1    | 2015/05/22 16:02:04 | 	at org.apache.activemq.console.command.AbstractCommand.execute(AbstractCommand.java:57)
INFO   | jvm 1    | 2015/05/22 16:02:04 | 	at org.apache.activemq.console.command.ShellCommand.main(ShellCommand.java:104)
INFO   | jvm 1    | 2015/05/22 16:02:04 | 	at sun.reflect.NativeMethodAccessorImpl.invoke0(Native Method)
INFO   | jvm 1    | 2015/05/22 16:02:04 | 	at sun.reflect.NativeMethodAccessorImpl.invoke(NativeMethodAccessorImpl.java:62)
INFO   | jvm 1    | 2015/05/22 16:02:04 | 	at sun.reflect.DelegatingMethodAccessorImpl.invoke(DelegatingMethodAccessorImpl.java:43)
INFO   | jvm 1    | 2015/05/22 16:02:04 | 	at java.lang.reflect.Method.invoke(Method.java:497)
INFO   | jvm 1    | 2015/05/22 16:02:04 | 	at org.apache.activemq.console.Main.runTaskClass(Main.java:262)
INFO   | jvm 1    | 2015/05/22 16:02:04 | 	at org.apache.activemq.console.Main.main(Main.java:115)
INFO   | jvm 1    | 2015/05/22 16:02:04 | 	at sun.reflect.NativeMethodAccessorImpl.invoke0(Native Method)
INFO   | jvm 1    | 2015/05/22 16:02:04 | 	at sun.reflect.NativeMethodAccessorImpl.invoke(NativeMethodAccessorImpl.java:62)
INFO   | jvm 1    | 2015/05/22 16:02:04 | 	at sun.reflect.DelegatingMethodAccessorImpl.invoke(DelegatingMethodAccessorImpl.java:43)
INFO   | jvm 1    | 2015/05/22 16:02:04 | 	at java.lang.reflect.Method.invoke(Method.java:497)
INFO   | jvm 1    | 2015/05/22 16:02:04 | 	at org.tanukisoftware.wrapper.WrapperSimpleApp.run(WrapperSimpleApp.java:240)
INFO   | jvm 1    | 2015/05/22 16:02:04 | 	at java.lang.Thread.run(Thread.java:745)
INFO   | jvm 1    | 2015/05/22 16:02:04 | Caused by: java.lang.IllegalStateException: BeanFactory not initialized or already closed - call 'refresh' before accessing beans via the ApplicationContext
INFO   | jvm 1    | 2015/05/22 16:02:04 | 	at org.springframework.context.support.AbstractRefreshableApplicationContext.getBeanFactory(AbstractRefreshableApplicationContext.java:171)
INFO   | jvm 1    | 2015/05/22 16:02:04 | 	at org.springframework.context.support.AbstractApplicationContext.destroyBeans(AbstractApplicationContext.java:1092)
INFO   | jvm 1    | 2015/05/22 16:02:04 | 	at org.springframework.context.support.AbstractApplicationContext.refresh(AbstractApplicationContext.java:489)
INFO   | jvm 1    | 2015/05/22 16:02:04 | 	at org.apache.xbean.spring.context.ResourceXmlApplicationContext.<init>(ResourceXmlApplicationContext.java:64)
INFO   | jvm 1    | 2015/05/22 16:02:04 | 	at org.apache.xbean.spring.context.ResourceXmlApplicationContext.<init>(ResourceXmlApplicationContext.java:52)
INFO   | jvm 1    | 2015/05/22 16:02:04 | 	at org.apache.activemq.xbean.XBeanBrokerFactory$1.<init>(XBeanBrokerFactory.java:104)
INFO   | jvm 1    | 2015/05/22 16:02:04 | 	at org.apache.activemq.xbean.XBeanBrokerFactory.createApplicationContext(XBeanBrokerFactory.java:104)
INFO   | jvm 1    | 2015/05/22 16:02:04 | 	at org.apache.activemq.xbean.XBeanBrokerFactory.createBroker(XBeanBrokerFactory.java:67)
INFO   | jvm 1    | 2015/05/22 16:02:04 | 	at org.apache.activemq.broker.BrokerFactory.createBroker(BrokerFactory.java:71)
INFO   | jvm 1    | 2015/05/22 16:02:04 | 	at org.apache.activemq.broker.BrokerFactory.createBroker(BrokerFactory.java:54)
INFO   | jvm 1    | 2015/05/22 16:02:04 | 	at org.apache.activemq.console.command.StartCommand.runTask(StartCommand.java:87)
INFO   | jvm 1    | 2015/05/22 16:02:04 | 	... 16 more
INFO   | jvm 1    | 2015/05/22 16:02:04 | ERROR: java.lang.IllegalStateException: BeanFactory not initialized or already closed - call 'refresh' before accessing beans via the ApplicationContext
INFO   | jvm 1    | 2015/05/22 16:02:04 | java.lang.IllegalStateException: BeanFactory not initialized or already closed - call 'refresh' before accessing beans via the ApplicationContext
INFO   | jvm 1    | 2015/05/22 16:02:04 | 	at org.springframework.context.support.AbstractRefreshableApplicationContext.getBeanFactory(AbstractRefreshableApplicationContext.java:171)
INFO   | jvm 1    | 2015/05/22 16:02:04 | 	at org.springframework.context.support.AbstractApplicationContext.destroyBeans(AbstractApplicationContext.java:1092)
INFO   | jvm 1    | 2015/05/22 16:02:04 | 	at org.springframework.context.support.AbstractApplicationContext.refresh(AbstractApplicationContext.java:489)
INFO   | jvm 1    | 2015/05/22 16:02:04 | 	at org.apache.xbean.spring.context.ResourceXmlApplicationContext.<init>(ResourceXmlApplicationContext.java:64)
INFO   | jvm 1    | 2015/05/22 16:02:04 | 	at org.apache.xbean.spring.context.ResourceXmlApplicationContext.<init>(ResourceXmlApplicationContext.java:52)
INFO   | jvm 1    | 2015/05/22 16:02:04 | 	at org.apache.activemq.xbean.XBeanBrokerFactory$1.<init>(XBeanBrokerFactory.java:104)
INFO   | jvm 1    | 2015/05/22 16:02:04 | 	at org.apache.activemq.xbean.XBeanBrokerFactory.createApplicationContext(XBeanBrokerFactory.java:104)
INFO   | jvm 1    | 2015/05/22 16:02:04 | 	at org.apache.activemq.xbean.XBeanBrokerFactory.createBroker(XBeanBrokerFactory.java:67)
INFO   | jvm 1    | 2015/05/22 16:02:04 | 	at org.apache.activemq.broker.BrokerFactory.createBroker(BrokerFactory.java:71)
INFO   | jvm 1    | 2015/05/22 16:02:04 | 	at org.apache.activemq.broker.BrokerFactory.createBroker(BrokerFactory.java:54)
INFO   | jvm 1    | 2015/05/22 16:02:04 | 	at org.apache.activemq.console.command.StartCommand.runTask(StartCommand.java:87)
INFO   | jvm 1    | 2015/05/22 16:02:04 | 	at org.apache.activemq.console.command.AbstractCommand.execute(AbstractCommand.java:57)
INFO   | jvm 1    | 2015/05/22 16:02:04 | 	at org.apache.activemq.console.command.ShellCommand.runTask(ShellCommand.java:150)
INFO   | jvm 1    | 2015/05/22 16:02:04 | 	at org.apache.activemq.console.command.AbstractCommand.execute(AbstractCommand.java:57)
INFO   | jvm 1    | 2015/05/22 16:02:04 | 	at org.apache.activemq.console.command.ShellCommand.main(ShellCommand.java:104)
INFO   | jvm 1    | 2015/05/22 16:02:04 | 	at sun.reflect.NativeMethodAccessorImpl.invoke0(Native Method)
INFO   | jvm 1    | 2015/05/22 16:02:04 | 	at sun.reflect.NativeMethodAccessorImpl.invoke(NativeMethodAccessorImpl.java:62)
INFO   | jvm 1    | 2015/05/22 16:02:04 | 	at sun.reflect.DelegatingMethodAccessorImpl.invoke(DelegatingMethodAccessorImpl.java:43)
INFO   | jvm 1    | 2015/05/22 16:02:04 | 	at java.lang.reflect.Method.invoke(Method.java:497)
INFO   | jvm 1    | 2015/05/22 16:02:04 | 	at org.apache.activemq.console.Main.runTaskClass(Main.java:262)
INFO   | jvm 1    | 2015/05/22 16:02:04 | 	at org.apache.activemq.console.Main.main(Main.java:115)
INFO   | jvm 1    | 2015/05/22 16:02:04 | 	at sun.reflect.NativeMethodAccessorImpl.invoke0(Native Method)
INFO   | jvm 1    | 2015/05/22 16:02:04 | 	at sun.reflect.NativeMethodAccessorImpl.invoke(NativeMethodAccessorImpl.java:62)
INFO   | jvm 1    | 2015/05/22 16:02:04 | 	at sun.reflect.DelegatingMethodAccessorImpl.invoke(DelegatingMethodAccessorImpl.java:43)
INFO   | jvm 1    | 2015/05/22 16:02:04 | 	at java.lang.reflect.Method.invoke(Method.java:497)
INFO   | jvm 1    | 2015/05/22 16:02:04 | 	at org.tanukisoftware.wrapper.WrapperSimpleApp.run(WrapperSimpleApp.java:240)
INFO   | jvm 1    | 2015/05/22 16:02:04 | 	at java.lang.Thread.run(Thread.java:745)
STATUS | wrapper  | 2015/05/22 16:02:06 | <-- Wrapper Stopped
STATUS | wrapper  | 2015/05/23 20:35:03 | WARNING: Could not write lock file /var/lock/subsys/ActiveMQ: Permission denied
STATUS | wrapper  | 2015/05/23 20:35:03 | --> Wrapper Started as Daemon
STATUS | wrapper  | 2015/05/23 20:35:03 | Launching a JVM...
INFO   | jvm 1    | 2015/05/23 20:35:04 | Wrapper (Version 3.2.3) http://wrapper.tanukisoftware.org
INFO   | jvm 1    | 2015/05/23 20:35:04 |   Copyright 1999-2006 Tanuki Software, Inc.  All Rights Reserved.
INFO   | jvm 1    | 2015/05/23 20:35:04 | 
INFO   | jvm 1    | 2015/05/23 20:35:04 | Java Runtime: Oracle Corporation 1.8.0_45 /usr/lib/jvm/java-8-openjdk/jre
INFO   | jvm 1    | 2015/05/23 20:35:04 |   Heap sizes: current=58880k  free=53298k  max=932352k
INFO   | jvm 1    | 2015/05/23 20:35:04 |     JVM args: -Dactivemq.home=../.. -Dactivemq.base=../.. -Djavax.net.ssl.keyStorePassword=password -Djavax.net.ssl.trustStorePassword=password -Djavax.net.ssl.keyStore=../../conf/broker.ks -Djavax.net.ssl.trustStore=../../conf/broker.ts -Dcom.sun.management.jmxremote -Dorg.apache.activemq.UseDedicatedTaskRunner=true -Djava.util.logging.config.file=logging.properties -Dactivemq.conf=../../conf -Dactivemq.data=../../data -Djava.security.auth.login.config=../../conf/login.config -Xmx1024m -Djava.library.path=../../bin/linux-x86-64/ -Dwrapper.key=t5Q2YrGTUs8N0Ouw -Dwrapper.port=32000 -Dwrapper.jvm.port.min=31000 -Dwrapper.jvm.port.max=31999 -Dwrapper.pid=8136 -Dwrapper.version=3.2.3 -Dwrapper.native_library=wrapper -Dwrapper.service=TRUE -Dwrapper.cpu.timeout=10 -Dwrapper.jvmid=1
INFO   | jvm 1    | 2015/05/23 20:35:04 | Extensions classpath:
INFO   | jvm 1    | 2015/05/23 20:35:04 |   [../../lib,../../lib/camel,../../lib/optional,../../lib/web,../../lib/extra]
INFO   | jvm 1    | 2015/05/23 20:35:04 | ACTIVEMQ_HOME: ../..
INFO   | jvm 1    | 2015/05/23 20:35:04 | ACTIVEMQ_BASE: ../..
INFO   | jvm 1    | 2015/05/23 20:35:04 | ACTIVEMQ_CONF: ../../conf
INFO   | jvm 1    | 2015/05/23 20:35:04 | ACTIVEMQ_DATA: ../../data
INFO   | jvm 1    | 2015/05/23 20:35:04 | Loading message broker from: xbean:activemq.xml
INFO   | jvm 1    | 2015/05/23 20:35:04 |  INFO | Refreshing org.apache.activemq.xbean.XBeanBrokerFactory$1@2f931909: startup date [Sat May 23 20:35:04 CEST 2015]; root of context hierarchy
INFO   | jvm 1    | 2015/05/23 20:35:06 |  INFO | PListStore:[/home/yukikoo/Dev/ProgrammationReparti/projet/projetTwitter/ProjetTwitter/activemq-5.11.1/bin/linux-x86-64/../../data/localhost/tmp_storage] started
INFO   | jvm 1    | 2015/05/23 20:35:06 |  INFO | Using Persistence Adapter: KahaDBPersistenceAdapter[/home/yukikoo/Dev/ProgrammationReparti/projet/projetTwitter/ProjetTwitter/activemq-5.11.1/bin/linux-x86-64/../../data/kahadb]
INFO   | jvm 1    | 2015/05/23 20:35:06 |  INFO | KahaDB is version 5
INFO   | jvm 1    | 2015/05/23 20:35:06 |  INFO | Recovering from the journal ...
INFO   | jvm 1    | 2015/05/23 20:35:06 |  INFO | Recovery replayed 1 operations from the journal in 0.023 seconds.
INFO   | jvm 1    | 2015/05/23 20:35:06 |  INFO | Apache ActiveMQ 5.11.1 (localhost, ID:yukikooozzy-42326-1432406106541-0:1) is starting
INFO   | jvm 1    | 2015/05/23 20:35:06 |  INFO | Listening for connections at: tcp://yukikooozzy:61616?maximumConnections=1000&wireFormat.maxFrameSize=104857600
INFO   | jvm 1    | 2015/05/23 20:35:06 |  INFO | Connector openwire started
INFO   | jvm 1    | 2015/05/23 20:35:06 |  INFO | Listening for connections at: amqp://yukikooozzy:5672?maximumConnections=1000&wireFormat.maxFrameSize=104857600
INFO   | jvm 1    | 2015/05/23 20:35:06 |  INFO | Connector amqp started
INFO   | jvm 1    | 2015/05/23 20:35:06 |  INFO | Listening for connections at: stomp://yukikooozzy:61613?maximumConnections=1000&wireFormat.maxFrameSize=104857600
INFO   | jvm 1    | 2015/05/23 20:35:06 |  INFO | Connector stomp started
INFO   | jvm 1    | 2015/05/23 20:35:06 |  INFO | Listening for connections at: mqtt://yukikooozzy:1883?maximumConnections=1000&wireFormat.maxFrameSize=104857600
INFO   | jvm 1    | 2015/05/23 20:35:06 |  INFO | Connector mqtt started
INFO   | jvm 1    | 2015/05/23 20:35:06 | {}
INFO   | jvm 1    | 2015/05/23 20:35:07 |  INFO | Listening for connections at ws://yukikooozzy:61614?maximumConnections=1000&wireFormat.maxFrameSize=104857600
INFO   | jvm 1    | 2015/05/23 20:35:07 |  INFO | Connector ws started
INFO   | jvm 1    | 2015/05/23 20:35:07 |  INFO | Apache ActiveMQ 5.11.1 (localhost, ID:yukikooozzy-42326-1432406106541-0:1) started
INFO   | jvm 1    | 2015/05/23 20:35:07 |  INFO | For help or more information please see: http://activemq.apache.org
INFO   | jvm 1    | 2015/05/23 20:35:07 |  WARN | Store limit is 102400 mb (current store usage is 0 mb). The data directory: /home/yukikoo/Dev/ProgrammationReparti/projet/projetTwitter/ProjetTwitter/activemq-5.11.1/bin/linux-x86-64/../../data/kahadb only has 30435 mb of usable space - resetting to maximum available disk space: 30435 mb
INFO   | jvm 1    | 2015/05/23 20:35:07 |  WARN | Temporary Store limit is 51200 mb, whilst the temporary data directory: /home/yukikoo/Dev/ProgrammationReparti/projet/projetTwitter/ProjetTwitter/activemq-5.11.1/bin/linux-x86-64/../../data/localhost/tmp_storage only has 30435 mb of usable space - resetting to maximum available 30435 mb.
INFO   | jvm 1    | 2015/05/23 20:35:07 |  INFO | ActiveMQ WebConsole available at http://0.0.0.0:8161/
INFO   | jvm 1    | 2015/05/23 20:35:08 |  INFO | Initializing Spring FrameworkServlet 'dispatcher'
INFO   | jvm 1    | 2015/05/23 20:35:08 |  INFO | jolokia-agent: No access restrictor found at classpath:/jolokia-access.xml, access to all MBeans is allowed
INFO   | jvm 1    | 2015/05/23 20:35:10 |  WARN | Failed to add Connection ID:yukikooozzy-52922-1432406110349-1:1
INFO   | jvm 1    | 2015/05/23 20:35:10 | java.lang.SecurityException: User user is not authorized to create: topic://ActiveMQ.Advisory.Connection
INFO   | jvm 1    | 2015/05/23 20:35:10 | 	at org.apache.activemq.security.AuthorizationBroker.addDestination(AuthorizationBroker.java:115)[activemq-broker-5.11.1.jar:5.11.1]
INFO   | jvm 1    | 2015/05/23 20:35:10 | 	at org.apache.activemq.broker.MutableBrokerFilter.addDestination(MutableBrokerFilter.java:177)[activemq-broker-5.11.1.jar:5.11.1]
INFO   | jvm 1    | 2015/05/23 20:35:10 | 	at org.apache.activemq.broker.region.RegionBroker.send(RegionBroker.java:462)[activemq-broker-5.11.1.jar:5.11.1]
INFO   | jvm 1    | 2015/05/23 20:35:10 | 	at org.apache.activemq.broker.jmx.ManagedRegionBroker.send(ManagedRegionBroker.java:297)[activemq-broker-5.11.1.jar:5.11.1]
INFO   | jvm 1    | 2015/05/23 20:35:10 | 	at org.apache.activemq.advisory.AdvisoryBroker.fireAdvisory(AdvisoryBroker.java:633)[activemq-broker-5.11.1.jar:5.11.1]
INFO   | jvm 1    | 2015/05/23 20:35:10 | 	at org.apache.activemq.advisory.AdvisoryBroker.fireAdvisory(AdvisoryBroker.java:564)[activemq-broker-5.11.1.jar:5.11.1]
INFO   | jvm 1    | 2015/05/23 20:35:10 | 	at org.apache.activemq.advisory.AdvisoryBroker.fireAdvisory(AdvisoryBroker.java:559)[activemq-broker-5.11.1.jar:5.11.1]
INFO   | jvm 1    | 2015/05/23 20:35:10 | 	at org.apache.activemq.advisory.AdvisoryBroker.addConnection(AdvisoryBroker.java:98)[activemq-broker-5.11.1.jar:5.11.1]
INFO   | jvm 1    | 2015/05/23 20:35:10 | 	at org.apache.activemq.broker.BrokerFilter.addConnection(BrokerFilter.java:97)[activemq-broker-5.11.1.jar:5.11.1]
INFO   | jvm 1    | 2015/05/23 20:35:10 | 	at org.apache.activemq.broker.BrokerFilter.addConnection(BrokerFilter.java:97)[activemq-broker-5.11.1.jar:5.11.1]
INFO   | jvm 1    | 2015/05/23 20:35:10 | 	at org.apache.activemq.broker.BrokerFilter.addConnection(BrokerFilter.java:97)[activemq-broker-5.11.1.jar:5.11.1]
INFO   | jvm 1    | 2015/05/23 20:35:10 | 	at org.apache.activemq.security.SimpleAuthenticationBroker.addConnection(SimpleAuthenticationBroker.java:103)[activemq-broker-5.11.1.jar:5.11.1]
INFO   | jvm 1    | 2015/05/23 20:35:10 | 	at org.apache.activemq.broker.BrokerFilter.addConnection(BrokerFilter.java:97)[activemq-broker-5.11.1.jar:5.11.1]
INFO   | jvm 1    | 2015/05/23 20:35:10 | 	at org.apache.activemq.broker.MutableBrokerFilter.addConnection(MutableBrokerFilter.java:102)[activemq-broker-5.11.1.jar:5.11.1]
INFO   | jvm 1    | 2015/05/23 20:35:10 | 	at org.apache.activemq.broker.TransportConnection.processAddConnection(TransportConnection.java:809)[activemq-broker-5.11.1.jar:5.11.1]
INFO   | jvm 1    | 2015/05/23 20:35:10 | 	at org.apache.activemq.broker.jmx.ManagedTransportConnection.processAddConnection(ManagedTransportConnection.java:79)[activemq-broker-5.11.1.jar:5.11.1]
INFO   | jvm 1    | 2015/05/23 20:35:10 | 	at org.apache.activemq.command.ConnectionInfo.visit(ConnectionInfo.java:139)[activemq-client-5.11.1.jar:5.11.1]
INFO   | jvm 1    | 2015/05/23 20:35:10 | 	at org.apache.activemq.broker.TransportConnection.service(TransportConnection.java:334)[activemq-broker-5.11.1.jar:5.11.1]
INFO   | jvm 1    | 2015/05/23 20:35:10 | 	at org.apache.activemq.broker.TransportConnection$1.onCommand(TransportConnection.java:188)[activemq-broker-5.11.1.jar:5.11.1]
INFO   | jvm 1    | 2015/05/23 20:35:10 | 	at org.apache.activemq.transport.MutexTransport.onCommand(MutexTransport.java:50)[activemq-client-5.11.1.jar:5.11.1]
INFO   | jvm 1    | 2015/05/23 20:35:10 | 	at org.apache.activemq.transport.WireFormatNegotiator.onCommand(WireFormatNegotiator.java:113)[activemq-client-5.11.1.jar:5.11.1]
INFO   | jvm 1    | 2015/05/23 20:35:10 | 	at org.apache.activemq.transport.AbstractInactivityMonitor.onCommand(AbstractInactivityMonitor.java:270)[activemq-client-5.11.1.jar:5.11.1]
INFO   | jvm 1    | 2015/05/23 20:35:10 | 	at org.apache.activemq.transport.TransportSupport.doConsume(TransportSupport.java:83)[activemq-client-5.11.1.jar:5.11.1]
INFO   | jvm 1    | 2015/05/23 20:35:10 | 	at org.apache.activemq.transport.tcp.TcpTransport.doRun(TcpTransport.java:214)[activemq-client-5.11.1.jar:5.11.1]
INFO   | jvm 1    | 2015/05/23 20:35:10 | 	at org.apache.activemq.transport.tcp.TcpTransport.run(TcpTransport.java:196)[activemq-client-5.11.1.jar:5.11.1]
INFO   | jvm 1    | 2015/05/23 20:35:10 | 	at java.lang.Thread.run(Thread.java:745)[:1.8.0_45]
INFO   | jvm 1    | 2015/05/23 20:35:10 |  WARN | Security Error occurred: User user is not authorized to create: topic://ActiveMQ.Advisory.Connection
INFO   | jvm 1    | 2015/05/23 20:35:12 |  INFO | Stopping tcp://127.0.0.1:57806 because Failed with SecurityException: User user is not authorized to create: topic://ActiveMQ.Advisory.Connection
STATUS | wrapper  | 2015/05/23 20:36:22 | TERM trapped.  Shutting down.
INFO   | jvm 1    | 2015/05/23 20:36:23 |  INFO | Apache ActiveMQ 5.11.1 (localhost, ID:yukikooozzy-42326-1432406106541-0:1) is shutting down
INFO   | jvm 1    | 2015/05/23 20:36:23 |  INFO | Connector openwire stopped
INFO   | jvm 1    | 2015/05/23 20:36:23 |  INFO | Connector amqp stopped
INFO   | jvm 1    | 2015/05/23 20:36:23 |  INFO | Connector stomp stopped
INFO   | jvm 1    | 2015/05/23 20:36:23 |  INFO | Connector mqtt stopped
INFO   | jvm 1    | 2015/05/23 20:36:23 |  INFO | Connector ws stopped
INFO   | jvm 1    | 2015/05/23 20:36:23 |  INFO | PListStore:[/home/yukikoo/Dev/ProgrammationReparti/projet/projetTwitter/ProjetTwitter/activemq-5.11.1/bin/linux-x86-64/../../data/localhost/tmp_storage] stopped
INFO   | jvm 1    | 2015/05/23 20:36:23 |  INFO | Stopping async queue tasks
INFO   | jvm 1    | 2015/05/23 20:36:23 |  INFO | Stopping async topic tasks
INFO   | jvm 1    | 2015/05/23 20:36:23 |  INFO | Stopped KahaDB
INFO   | jvm 1    | 2015/05/23 20:36:23 |  INFO | Apache ActiveMQ 5.11.1 (localhost, ID:yukikooozzy-42326-1432406106541-0:1) uptime 1 minute
INFO   | jvm 1    | 2015/05/23 20:36:23 |  INFO | Apache ActiveMQ 5.11.1 (localhost, ID:yukikooozzy-42326-1432406106541-0:1) is shutdown
INFO   | jvm 1    | 2015/05/23 20:36:23 |  INFO | Closing org.apache.activemq.xbean.XBeanBrokerFactory$1@2f931909: startup date [Sat May 23 20:35:04 CEST 2015]; root of context hierarchy
INFO   | jvm 1    | 2015/05/23 20:36:23 |  INFO | Destroying Spring FrameworkServlet 'dispatcher'
STATUS | wrapper  | 2015/05/23 20:36:24 | <-- Wrapper Stopped
STATUS | wrapper  | 2015/05/23 20:36:27 | WARNING: Could not write lock file /var/lock/subsys/ActiveMQ: Permission denied
STATUS | wrapper  | 2015/05/23 20:36:27 | --> Wrapper Started as Daemon
STATUS | wrapper  | 2015/05/23 20:36:27 | Launching a JVM...
INFO   | jvm 1    | 2015/05/23 20:36:28 | Wrapper (Version 3.2.3) http://wrapper.tanukisoftware.org
INFO   | jvm 1    | 2015/05/23 20:36:28 |   Copyright 1999-2006 Tanuki Software, Inc.  All Rights Reserved.
INFO   | jvm 1    | 2015/05/23 20:36:28 | 
INFO   | jvm 1    | 2015/05/23 20:36:28 | Java Runtime: Oracle Corporation 1.8.0_45 /usr/lib/jvm/java-8-openjdk/jre
INFO   | jvm 1    | 2015/05/23 20:36:28 |   Heap sizes: current=58880k  free=53298k  max=932352k
INFO   | jvm 1    | 2015/05/23 20:36:28 |     JVM args: -Dactivemq.home=../.. -Dactivemq.base=../.. -Djavax.net.ssl.keyStorePassword=password -Djavax.net.ssl.trustStorePassword=password -Djavax.net.ssl.keyStore=../../conf/broker.ks -Djavax.net.ssl.trustStore=../../conf/broker.ts -Dcom.sun.management.jmxremote -Dorg.apache.activemq.UseDedicatedTaskRunner=true -Djava.util.logging.config.file=logging.properties -Dactivemq.conf=../../conf -Dactivemq.data=../../data -Djava.security.auth.login.config=../../conf/login.config -Xmx1024m -Djava.library.path=../../bin/linux-x86-64/ -Dwrapper.key=JOA9yvK4cehKObMV -Dwrapper.port=32000 -Dwrapper.jvm.port.min=31000 -Dwrapper.jvm.port.max=31999 -Dwrapper.pid=8483 -Dwrapper.version=3.2.3 -Dwrapper.native_library=wrapper -Dwrapper.service=TRUE -Dwrapper.cpu.timeout=10 -Dwrapper.jvmid=1
INFO   | jvm 1    | 2015/05/23 20:36:28 | Extensions classpath:
INFO   | jvm 1    | 2015/05/23 20:36:28 |   [../../lib,../../lib/camel,../../lib/optional,../../lib/web,../../lib/extra]
INFO   | jvm 1    | 2015/05/23 20:36:28 | ACTIVEMQ_HOME: ../..
INFO   | jvm 1    | 2015/05/23 20:36:28 | ACTIVEMQ_BASE: ../..
INFO   | jvm 1    | 2015/05/23 20:36:28 | ACTIVEMQ_CONF: ../../conf
INFO   | jvm 1    | 2015/05/23 20:36:28 | ACTIVEMQ_DATA: ../../data
INFO   | jvm 1    | 2015/05/23 20:36:28 | Loading message broker from: xbean:activemq.xml
INFO   | jvm 1    | 2015/05/23 20:36:28 |  INFO | Refreshing org.apache.activemq.xbean.XBeanBrokerFactory$1@795c63c6: startup date [Sat May 23 20:36:28 CEST 2015]; root of context hierarchy
INFO   | jvm 1    | 2015/05/23 20:36:29 |  INFO | PListStore:[/home/yukikoo/Dev/ProgrammationReparti/projet/projetTwitter/ProjetTwitter/activemq-5.11.1/bin/linux-x86-64/../../data/localhost/tmp_storage] started
INFO   | jvm 1    | 2015/05/23 20:36:29 |  INFO | Using Persistence Adapter: KahaDBPersistenceAdapter[/home/yukikoo/Dev/ProgrammationReparti/projet/projetTwitter/ProjetTwitter/activemq-5.11.1/bin/linux-x86-64/../../data/kahadb]
INFO   | jvm 1    | 2015/05/23 20:36:29 |  INFO | KahaDB is version 5
INFO   | jvm 1    | 2015/05/23 20:36:29 |  INFO | Recovering from the journal ...
INFO   | jvm 1    | 2015/05/23 20:36:29 |  INFO | Recovery replayed 16 operations from the journal in 0.015 seconds.
INFO   | jvm 1    | 2015/05/23 20:36:30 |  INFO | Apache ActiveMQ 5.11.1 (localhost, ID:yukikooozzy-58699-1432406189959-0:1) is starting
INFO   | jvm 1    | 2015/05/23 20:36:30 |  INFO | Listening for connections at: tcp://yukikooozzy:61616?maximumConnections=1000&wireFormat.maxFrameSize=104857600
INFO   | jvm 1    | 2015/05/23 20:36:30 |  INFO | Connector openwire started
INFO   | jvm 1    | 2015/05/23 20:36:30 |  INFO | Listening for connections at: amqp://yukikooozzy:5672?maximumConnections=1000&wireFormat.maxFrameSize=104857600
INFO   | jvm 1    | 2015/05/23 20:36:30 |  INFO | Connector amqp started
INFO   | jvm 1    | 2015/05/23 20:36:30 |  INFO | Listening for connections at: stomp://yukikooozzy:61613?maximumConnections=1000&wireFormat.maxFrameSize=104857600
INFO   | jvm 1    | 2015/05/23 20:36:30 |  INFO | Connector stomp started
INFO   | jvm 1    | 2015/05/23 20:36:30 |  INFO | Listening for connections at: mqtt://yukikooozzy:1883?maximumConnections=1000&wireFormat.maxFrameSize=104857600
INFO   | jvm 1    | 2015/05/23 20:36:30 |  INFO | Connector mqtt started
INFO   | jvm 1    | 2015/05/23 20:36:30 | {}
INFO   | jvm 1    | 2015/05/23 20:36:30 |  INFO | Listening for connections at ws://yukikooozzy:61614?maximumConnections=1000&wireFormat.maxFrameSize=104857600
INFO   | jvm 1    | 2015/05/23 20:36:30 |  INFO | Connector ws started
INFO   | jvm 1    | 2015/05/23 20:36:30 |  INFO | Apache ActiveMQ 5.11.1 (localhost, ID:yukikooozzy-58699-1432406189959-0:1) started
INFO   | jvm 1    | 2015/05/23 20:36:30 |  INFO | For help or more information please see: http://activemq.apache.org
INFO   | jvm 1    | 2015/05/23 20:36:30 |  WARN | Store limit is 102400 mb (current store usage is 0 mb). The data directory: /home/yukikoo/Dev/ProgrammationReparti/projet/projetTwitter/ProjetTwitter/activemq-5.11.1/bin/linux-x86-64/../../data/kahadb only has 30435 mb of usable space - resetting to maximum available disk space: 30435 mb
INFO   | jvm 1    | 2015/05/23 20:36:30 |  WARN | Temporary Store limit is 51200 mb, whilst the temporary data directory: /home/yukikoo/Dev/ProgrammationReparti/projet/projetTwitter/ProjetTwitter/activemq-5.11.1/bin/linux-x86-64/../../data/localhost/tmp_storage only has 30435 mb of usable space - resetting to maximum available 30435 mb.
INFO   | jvm 1    | 2015/05/23 20:36:30 |  INFO | ActiveMQ WebConsole available at http://0.0.0.0:8161/
INFO   | jvm 1    | 2015/05/23 20:36:31 |  INFO | Initializing Spring FrameworkServlet 'dispatcher'
INFO   | jvm 1    | 2015/05/23 20:36:31 |  INFO | jolokia-agent: No access restrictor found at classpath:/jolokia-access.xml, access to all MBeans is allowed
INFO   | jvm 1    | 2015/05/23 20:36:52 |  WARN | Security Error occurred: User user is not authorized to write to: topic://romain
INFO   | jvm 1    | 2015/05/23 20:36:52 |  WARN | Security Error occurred: User user is not authorized to write to: topic://user
STATUS | wrapper  | 2015/05/23 20:37:46 | TERM trapped.  Shutting down.
INFO   | jvm 1    | 2015/05/23 20:37:47 |  INFO | Apache ActiveMQ 5.11.1 (localhost, ID:yukikooozzy-58699-1432406189959-0:1) is shutting down
INFO   | jvm 1    | 2015/05/23 20:37:47 |  INFO | Connector openwire stopped
INFO   | jvm 1    | 2015/05/23 20:37:47 |  INFO | Connector amqp stopped
INFO   | jvm 1    | 2015/05/23 20:37:47 |  INFO | Connector stomp stopped
INFO   | jvm 1    | 2015/05/23 20:37:47 |  INFO | Connector mqtt stopped
INFO   | jvm 1    | 2015/05/23 20:37:47 |  INFO | Connector ws stopped
INFO   | jvm 1    | 2015/05/23 20:37:47 |  INFO | PListStore:[/home/yukikoo/Dev/ProgrammationReparti/projet/projetTwitter/ProjetTwitter/activemq-5.11.1/bin/linux-x86-64/../../data/localhost/tmp_storage] stopped
INFO   | jvm 1    | 2015/05/23 20:37:47 |  INFO | Stopping async queue tasks
INFO   | jvm 1    | 2015/05/23 20:37:47 |  INFO | Stopping async topic tasks
INFO   | jvm 1    | 2015/05/23 20:37:47 |  INFO | Stopped KahaDB
INFO   | jvm 1    | 2015/05/23 20:37:48 |  INFO | Apache ActiveMQ 5.11.1 (localhost, ID:yukikooozzy-58699-1432406189959-0:1) uptime 1 minute
INFO   | jvm 1    | 2015/05/23 20:37:48 |  INFO | Apache ActiveMQ 5.11.1 (localhost, ID:yukikooozzy-58699-1432406189959-0:1) is shutdown
INFO   | jvm 1    | 2015/05/23 20:37:48 |  INFO | Closing org.apache.activemq.xbean.XBeanBrokerFactory$1@795c63c6: startup date [Sat May 23 20:36:28 CEST 2015]; root of context hierarchy
INFO   | jvm 1    | 2015/05/23 20:37:48 |  INFO | Destroying Spring FrameworkServlet 'dispatcher'
STATUS | wrapper  | 2015/05/23 20:37:48 | <-- Wrapper Stopped
STATUS | wrapper  | 2015/05/23 20:38:11 | WARNING: Could not write lock file /var/lock/subsys/ActiveMQ: Permission denied
STATUS | wrapper  | 2015/05/23 20:38:11 | --> Wrapper Started as Daemon
STATUS | wrapper  | 2015/05/23 20:38:11 | Launching a JVM...
INFO   | jvm 1    | 2015/05/23 20:38:12 | Wrapper (Version 3.2.3) http://wrapper.tanukisoftware.org
INFO   | jvm 1    | 2015/05/23 20:38:12 |   Copyright 1999-2006 Tanuki Software, Inc.  All Rights Reserved.
INFO   | jvm 1    | 2015/05/23 20:38:12 | 
INFO   | jvm 1    | 2015/05/23 20:38:12 | Java Runtime: Oracle Corporation 1.8.0_45 /usr/lib/jvm/java-8-openjdk/jre
INFO   | jvm 1    | 2015/05/23 20:38:12 |   Heap sizes: current=58880k  free=53298k  max=932352k
INFO   | jvm 1    | 2015/05/23 20:38:12 |     JVM args: -Dactivemq.home=../.. -Dactivemq.base=../.. -Djavax.net.ssl.keyStorePassword=password -Djavax.net.ssl.trustStorePassword=password -Djavax.net.ssl.keyStore=../../conf/broker.ks -Djavax.net.ssl.trustStore=../../conf/broker.ts -Dcom.sun.management.jmxremote -Dorg.apache.activemq.UseDedicatedTaskRunner=true -Djava.util.logging.config.file=logging.properties -Dactivemq.conf=../../conf -Dactivemq.data=../../data -Djava.security.auth.login.config=../../conf/login.config -Xmx1024m -Djava.library.path=../../bin/linux-x86-64/ -Dwrapper.key=7NHuAaQG65B5XQmk -Dwrapper.port=32000 -Dwrapper.jvm.port.min=31000 -Dwrapper.jvm.port.max=31999 -Dwrapper.pid=8855 -Dwrapper.version=3.2.3 -Dwrapper.native_library=wrapper -Dwrapper.service=TRUE -Dwrapper.cpu.timeout=10 -Dwrapper.jvmid=1
INFO   | jvm 1    | 2015/05/23 20:38:12 | Extensions classpath:
INFO   | jvm 1    | 2015/05/23 20:38:12 |   [../../lib,../../lib/camel,../../lib/optional,../../lib/web,../../lib/extra]
INFO   | jvm 1    | 2015/05/23 20:38:12 | ACTIVEMQ_HOME: ../..
INFO   | jvm 1    | 2015/05/23 20:38:12 | ACTIVEMQ_BASE: ../..
INFO   | jvm 1    | 2015/05/23 20:38:12 | ACTIVEMQ_CONF: ../../conf
INFO   | jvm 1    | 2015/05/23 20:38:12 | ACTIVEMQ_DATA: ../../data
INFO   | jvm 1    | 2015/05/23 20:38:12 | Loading message broker from: xbean:activemq.xml
INFO   | jvm 1    | 2015/05/23 20:38:12 |  INFO | Refreshing org.apache.activemq.xbean.XBeanBrokerFactory$1@31b35fff: startup date [Sat May 23 20:38:12 CEST 2015]; root of context hierarchy
INFO   | jvm 1    | 2015/05/23 20:38:13 |  INFO | PListStore:[/home/yukikoo/Dev/ProgrammationReparti/projet/projetTwitter/ProjetTwitter/activemq-5.11.1/bin/linux-x86-64/../../data/localhost/tmp_storage] started
INFO   | jvm 1    | 2015/05/23 20:38:13 |  INFO | Using Persistence Adapter: KahaDBPersistenceAdapter[/home/yukikoo/Dev/ProgrammationReparti/projet/projetTwitter/ProjetTwitter/activemq-5.11.1/bin/linux-x86-64/../../data/kahadb]
INFO   | jvm 1    | 2015/05/23 20:38:13 |  INFO | KahaDB is version 5
INFO   | jvm 1    | 2015/05/23 20:38:13 |  INFO | Recovering from the journal ...
INFO   | jvm 1    | 2015/05/23 20:38:13 |  INFO | Recovery replayed 16 operations from the journal in 0.017 seconds.
INFO   | jvm 1    | 2015/05/23 20:38:14 |  INFO | Apache ActiveMQ 5.11.1 (localhost, ID:yukikooozzy-51250-1432406293900-0:1) is starting
INFO   | jvm 1    | 2015/05/23 20:38:14 |  INFO | Listening for connections at: tcp://yukikooozzy:61616?maximumConnections=1000&wireFormat.maxFrameSize=104857600
INFO   | jvm 1    | 2015/05/23 20:38:14 |  INFO | Connector openwire started
INFO   | jvm 1    | 2015/05/23 20:38:14 |  INFO | Listening for connections at: amqp://yukikooozzy:5672?maximumConnections=1000&wireFormat.maxFrameSize=104857600
INFO   | jvm 1    | 2015/05/23 20:38:14 |  INFO | Connector amqp started
INFO   | jvm 1    | 2015/05/23 20:38:14 |  INFO | Listening for connections at: stomp://yukikooozzy:61613?maximumConnections=1000&wireFormat.maxFrameSize=104857600
INFO   | jvm 1    | 2015/05/23 20:38:14 |  INFO | Connector stomp started
INFO   | jvm 1    | 2015/05/23 20:38:14 |  INFO | Listening for connections at: mqtt://yukikooozzy:1883?maximumConnections=1000&wireFormat.maxFrameSize=104857600
INFO   | jvm 1    | 2015/05/23 20:38:14 |  INFO | Connector mqtt started
INFO   | jvm 1    | 2015/05/23 20:38:14 | {}
INFO   | jvm 1    | 2015/05/23 20:38:14 |  INFO | Listening for connections at ws://yukikooozzy:61614?maximumConnections=1000&wireFormat.maxFrameSize=104857600
INFO   | jvm 1    | 2015/05/23 20:38:14 |  INFO | Connector ws started
INFO   | jvm 1    | 2015/05/23 20:38:14 |  INFO | Apache ActiveMQ 5.11.1 (localhost, ID:yukikooozzy-51250-1432406293900-0:1) started
INFO   | jvm 1    | 2015/05/23 20:38:14 |  INFO | For help or more information please see: http://activemq.apache.org
INFO   | jvm 1    | 2015/05/23 20:38:14 |  WARN | Store limit is 102400 mb (current store usage is 0 mb). The data directory: /home/yukikoo/Dev/ProgrammationReparti/projet/projetTwitter/ProjetTwitter/activemq-5.11.1/bin/linux-x86-64/../../data/kahadb only has 30435 mb of usable space - resetting to maximum available disk space: 30435 mb
INFO   | jvm 1    | 2015/05/23 20:38:14 |  WARN | Temporary Store limit is 51200 mb, whilst the temporary data directory: /home/yukikoo/Dev/ProgrammationReparti/projet/projetTwitter/ProjetTwitter/activemq-5.11.1/bin/linux-x86-64/../../data/localhost/tmp_storage only has 30435 mb of usable space - resetting to maximum available 30435 mb.
INFO   | jvm 1    | 2015/05/23 20:38:14 |  INFO | ActiveMQ WebConsole available at http://0.0.0.0:8161/
INFO   | jvm 1    | 2015/05/23 20:38:14 |  INFO | Initializing Spring FrameworkServlet 'dispatcher'
INFO   | jvm 1    | 2015/05/23 20:38:15 |  INFO | jolokia-agent: No access restrictor found at classpath:/jolokia-access.xml, access to all MBeans is allowed
STATUS | wrapper  | 2015/05/23 20:39:26 | TERM trapped.  Shutting down.
INFO   | jvm 1    | 2015/05/23 20:39:26 |  INFO | Apache ActiveMQ 5.11.1 (localhost, ID:yukikooozzy-51250-1432406293900-0:1) is shutting down
INFO   | jvm 1    | 2015/05/23 20:39:26 |  INFO | Connector openwire stopped
INFO   | jvm 1    | 2015/05/23 20:39:26 |  INFO | Connector amqp stopped
INFO   | jvm 1    | 2015/05/23 20:39:26 |  INFO | Connector stomp stopped
INFO   | jvm 1    | 2015/05/23 20:39:26 |  INFO | Connector mqtt stopped
INFO   | jvm 1    | 2015/05/23 20:39:27 |  INFO | Connector ws stopped
INFO   | jvm 1    | 2015/05/23 20:39:27 |  INFO | PListStore:[/home/yukikoo/Dev/ProgrammationReparti/projet/projetTwitter/ProjetTwitter/activemq-5.11.1/bin/linux-x86-64/../../data/localhost/tmp_storage] stopped
INFO   | jvm 1    | 2015/05/23 20:39:27 |  INFO | Stopping async queue tasks
INFO   | jvm 1    | 2015/05/23 20:39:27 |  INFO | Stopping async topic tasks
INFO   | jvm 1    | 2015/05/23 20:39:27 |  INFO | Stopped KahaDB
INFO   | jvm 1    | 2015/05/23 20:39:27 |  INFO | Apache ActiveMQ 5.11.1 (localhost, ID:yukikooozzy-51250-1432406293900-0:1) uptime 1 minute
INFO   | jvm 1    | 2015/05/23 20:39:27 |  INFO | Apache ActiveMQ 5.11.1 (localhost, ID:yukikooozzy-51250-1432406293900-0:1) is shutdown
INFO   | jvm 1    | 2015/05/23 20:39:27 |  INFO | Closing org.apache.activemq.xbean.XBeanBrokerFactory$1@31b35fff: startup date [Sat May 23 20:38:12 CEST 2015]; root of context hierarchy
INFO   | jvm 1    | 2015/05/23 20:39:27 |  INFO | Destroying Spring FrameworkServlet 'dispatcher'
STATUS | wrapper  | 2015/05/23 20:39:27 | <-- Wrapper Stopped
STATUS | wrapper  | 2015/05/23 20:39:29 | WARNING: Could not write lock file /var/lock/subsys/ActiveMQ: Permission denied
STATUS | wrapper  | 2015/05/23 20:39:29 | --> Wrapper Started as Daemon
STATUS | wrapper  | 2015/05/23 20:39:29 | Launching a JVM...
INFO   | jvm 1    | 2015/05/23 20:39:30 | Wrapper (Version 3.2.3) http://wrapper.tanukisoftware.org
INFO   | jvm 1    | 2015/05/23 20:39:30 |   Copyright 1999-2006 Tanuki Software, Inc.  All Rights Reserved.
INFO   | jvm 1    | 2015/05/23 20:39:30 | 
INFO   | jvm 1    | 2015/05/23 20:39:30 | Java Runtime: Oracle Corporation 1.8.0_45 /usr/lib/jvm/java-8-openjdk/jre
INFO   | jvm 1    | 2015/05/23 20:39:30 |   Heap sizes: current=58880k  free=53298k  max=932352k
INFO   | jvm 1    | 2015/05/23 20:39:30 |     JVM args: -Dactivemq.home=../.. -Dactivemq.base=../.. -Djavax.net.ssl.keyStorePassword=password -Djavax.net.ssl.trustStorePassword=password -Djavax.net.ssl.keyStore=../../conf/broker.ks -Djavax.net.ssl.trustStore=../../conf/broker.ts -Dcom.sun.management.jmxremote -Dorg.apache.activemq.UseDedicatedTaskRunner=true -Djava.util.logging.config.file=logging.properties -Dactivemq.conf=../../conf -Dactivemq.data=../../data -Djava.security.auth.login.config=../../conf/login.config -Xmx1024m -Djava.library.path=../../bin/linux-x86-64/ -Dwrapper.key=iULDeUF8x_YmaPW0 -Dwrapper.port=32000 -Dwrapper.jvm.port.min=31000 -Dwrapper.jvm.port.max=31999 -Dwrapper.pid=9149 -Dwrapper.version=3.2.3 -Dwrapper.native_library=wrapper -Dwrapper.service=TRUE -Dwrapper.cpu.timeout=10 -Dwrapper.jvmid=1
INFO   | jvm 1    | 2015/05/23 20:39:30 | Extensions classpath:
INFO   | jvm 1    | 2015/05/23 20:39:30 |   [../../lib,../../lib/camel,../../lib/optional,../../lib/web,../../lib/extra]
INFO   | jvm 1    | 2015/05/23 20:39:30 | ACTIVEMQ_HOME: ../..
INFO   | jvm 1    | 2015/05/23 20:39:30 | ACTIVEMQ_BASE: ../..
INFO   | jvm 1    | 2015/05/23 20:39:30 | ACTIVEMQ_CONF: ../../conf
INFO   | jvm 1    | 2015/05/23 20:39:30 | ACTIVEMQ_DATA: ../../data
INFO   | jvm 1    | 2015/05/23 20:39:30 | Loading message broker from: xbean:activemq.xml
INFO   | jvm 1    | 2015/05/23 20:39:30 |  INFO | Refreshing org.apache.activemq.xbean.XBeanBrokerFactory$1@31b35fff: startup date [Sat May 23 20:39:30 CEST 2015]; root of context hierarchy
INFO   | jvm 1    | 2015/05/23 20:39:31 |  INFO | PListStore:[/home/yukikoo/Dev/ProgrammationReparti/projet/projetTwitter/ProjetTwitter/activemq-5.11.1/bin/linux-x86-64/../../data/localhost/tmp_storage] started
INFO   | jvm 1    | 2015/05/23 20:39:31 |  INFO | Using Persistence Adapter: KahaDBPersistenceAdapter[/home/yukikoo/Dev/ProgrammationReparti/projet/projetTwitter/ProjetTwitter/activemq-5.11.1/bin/linux-x86-64/../../data/kahadb]
INFO   | jvm 1    | 2015/05/23 20:39:32 |  INFO | KahaDB is version 5
INFO   | jvm 1    | 2015/05/23 20:39:32 |  INFO | Recovering from the journal ...
INFO   | jvm 1    | 2015/05/23 20:39:32 |  INFO | Recovery replayed 15 operations from the journal in 0.033 seconds.
INFO   | jvm 1    | 2015/05/23 20:39:32 |  INFO | Apache ActiveMQ 5.11.1 (localhost, ID:yukikooozzy-38804-1432406372306-0:1) is starting
INFO   | jvm 1    | 2015/05/23 20:39:32 |  INFO | Listening for connections at: tcp://yukikooozzy:61616?maximumConnections=1000&wireFormat.maxFrameSize=104857600
INFO   | jvm 1    | 2015/05/23 20:39:32 |  INFO | Connector openwire started
INFO   | jvm 1    | 2015/05/23 20:39:32 |  INFO | Listening for connections at: amqp://yukikooozzy:5672?maximumConnections=1000&wireFormat.maxFrameSize=104857600
INFO   | jvm 1    | 2015/05/23 20:39:32 |  INFO | Connector amqp started
INFO   | jvm 1    | 2015/05/23 20:39:32 |  INFO | Listening for connections at: stomp://yukikooozzy:61613?maximumConnections=1000&wireFormat.maxFrameSize=104857600
INFO   | jvm 1    | 2015/05/23 20:39:32 |  INFO | Connector stomp started
INFO   | jvm 1    | 2015/05/23 20:39:32 |  INFO | Listening for connections at: mqtt://yukikooozzy:1883?maximumConnections=1000&wireFormat.maxFrameSize=104857600
INFO   | jvm 1    | 2015/05/23 20:39:32 |  INFO | Connector mqtt started
INFO   | jvm 1    | 2015/05/23 20:39:32 | {}
INFO   | jvm 1    | 2015/05/23 20:39:32 |  INFO | Listening for connections at ws://yukikooozzy:61614?maximumConnections=1000&wireFormat.maxFrameSize=104857600
INFO   | jvm 1    | 2015/05/23 20:39:32 |  INFO | Connector ws started
INFO   | jvm 1    | 2015/05/23 20:39:32 |  INFO | Apache ActiveMQ 5.11.1 (localhost, ID:yukikooozzy-38804-1432406372306-0:1) started
INFO   | jvm 1    | 2015/05/23 20:39:32 |  INFO | For help or more information please see: http://activemq.apache.org
INFO   | jvm 1    | 2015/05/23 20:39:32 |  WARN | Store limit is 102400 mb (current store usage is 0 mb). The data directory: /home/yukikoo/Dev/ProgrammationReparti/projet/projetTwitter/ProjetTwitter/activemq-5.11.1/bin/linux-x86-64/../../data/kahadb only has 30435 mb of usable space - resetting to maximum available disk space: 30435 mb
INFO   | jvm 1    | 2015/05/23 20:39:32 |  WARN | Temporary Store limit is 51200 mb, whilst the temporary data directory: /home/yukikoo/Dev/ProgrammationReparti/projet/projetTwitter/ProjetTwitter/activemq-5.11.1/bin/linux-x86-64/../../data/localhost/tmp_storage only has 30435 mb of usable space - resetting to maximum available 30435 mb.
INFO   | jvm 1    | 2015/05/23 20:39:33 |  INFO | ActiveMQ WebConsole available at http://0.0.0.0:8161/
INFO   | jvm 1    | 2015/05/23 20:39:33 |  INFO | Initializing Spring FrameworkServlet 'dispatcher'
INFO   | jvm 1    | 2015/05/23 20:39:33 |  INFO | jolokia-agent: No access restrictor found at classpath:/jolokia-access.xml, access to all MBeans is allowed
STATUS | wrapper  | 2015/05/23 20:40:39 | TERM trapped.  Shutting down.
INFO   | jvm 1    | 2015/05/23 20:40:39 |  INFO | Apache ActiveMQ 5.11.1 (localhost, ID:yukikooozzy-38804-1432406372306-0:1) is shutting down
INFO   | jvm 1    | 2015/05/23 20:40:40 |  INFO | Connector openwire stopped
INFO   | jvm 1    | 2015/05/23 20:40:40 |  INFO | Connector amqp stopped
INFO   | jvm 1    | 2015/05/23 20:40:40 |  INFO | Connector stomp stopped
INFO   | jvm 1    | 2015/05/23 20:40:40 |  INFO | Connector mqtt stopped
INFO   | jvm 1    | 2015/05/23 20:40:40 |  INFO | Connector ws stopped
INFO   | jvm 1    | 2015/05/23 20:40:40 |  INFO | PListStore:[/home/yukikoo/Dev/ProgrammationReparti/projet/projetTwitter/ProjetTwitter/activemq-5.11.1/bin/linux-x86-64/../../data/localhost/tmp_storage] stopped
INFO   | jvm 1    | 2015/05/23 20:40:40 |  INFO | Stopping async queue tasks
INFO   | jvm 1    | 2015/05/23 20:40:40 |  INFO | Stopping async topic tasks
INFO   | jvm 1    | 2015/05/23 20:40:40 |  INFO | Stopped KahaDB
INFO   | jvm 1    | 2015/05/23 20:40:40 |  INFO | Apache ActiveMQ 5.11.1 (localhost, ID:yukikooozzy-38804-1432406372306-0:1) uptime 1 minute
INFO   | jvm 1    | 2015/05/23 20:40:40 |  INFO | Apache ActiveMQ 5.11.1 (localhost, ID:yukikooozzy-38804-1432406372306-0:1) is shutdown
INFO   | jvm 1    | 2015/05/23 20:40:40 |  INFO | Closing org.apache.activemq.xbean.XBeanBrokerFactory$1@31b35fff: startup date [Sat May 23 20:39:30 CEST 2015]; root of context hierarchy
INFO   | jvm 1    | 2015/05/23 20:40:40 |  INFO | Destroying Spring FrameworkServlet 'dispatcher'
STATUS | wrapper  | 2015/05/23 20:40:40 | <-- Wrapper Stopped
STATUS | wrapper  | 2015/05/24 17:20:43 | WARNING: Could not write lock file /var/lock/subsys/ActiveMQ: Permission denied
STATUS | wrapper  | 2015/05/24 17:20:43 | --> Wrapper Started as Daemon
STATUS | wrapper  | 2015/05/24 17:20:43 | Launching a JVM...
INFO   | jvm 1    | 2015/05/24 17:20:45 | Wrapper (Version 3.2.3) http://wrapper.tanukisoftware.org
INFO   | jvm 1    | 2015/05/24 17:20:45 |   Copyright 1999-2006 Tanuki Software, Inc.  All Rights Reserved.
INFO   | jvm 1    | 2015/05/24 17:20:45 | 
INFO   | jvm 1    | 2015/05/24 17:20:45 | Java Runtime: Oracle Corporation 1.8.0_45 /usr/lib/jvm/java-8-openjdk/jre
INFO   | jvm 1    | 2015/05/24 17:20:45 |   Heap sizes: current=58880k  free=53298k  max=932352k
INFO   | jvm 1    | 2015/05/24 17:20:45 |     JVM args: -Dactivemq.home=../.. -Dactivemq.base=../.. -Djavax.net.ssl.keyStorePassword=password -Djavax.net.ssl.trustStorePassword=password -Djavax.net.ssl.keyStore=../../conf/broker.ks -Djavax.net.ssl.trustStore=../../conf/broker.ts -Dcom.sun.management.jmxremote -Dorg.apache.activemq.UseDedicatedTaskRunner=true -Djava.util.logging.config.file=logging.properties -Dactivemq.conf=../../conf -Dactivemq.data=../../data -Djava.security.auth.login.config=../../conf/login.config -Xmx1024m -Djava.library.path=../../bin/linux-x86-64/ -Dwrapper.key=kTR7Mpz0Wm5N_xxO -Dwrapper.port=32000 -Dwrapper.jvm.port.min=31000 -Dwrapper.jvm.port.max=31999 -Dwrapper.pid=18245 -Dwrapper.version=3.2.3 -Dwrapper.native_library=wrapper -Dwrapper.service=TRUE -Dwrapper.cpu.timeout=10 -Dwrapper.jvmid=1
INFO   | jvm 1    | 2015/05/24 17:20:45 | Extensions classpath:
INFO   | jvm 1    | 2015/05/24 17:20:45 |   [../../lib,../../lib/camel,../../lib/optional,../../lib/web,../../lib/extra]
INFO   | jvm 1    | 2015/05/24 17:20:45 | ACTIVEMQ_HOME: ../..
INFO   | jvm 1    | 2015/05/24 17:20:45 | ACTIVEMQ_BASE: ../..
INFO   | jvm 1    | 2015/05/24 17:20:45 | ACTIVEMQ_CONF: ../../conf
INFO   | jvm 1    | 2015/05/24 17:20:45 | ACTIVEMQ_DATA: ../../data
INFO   | jvm 1    | 2015/05/24 17:20:47 | Loading message broker from: xbean:activemq.xml
INFO   | jvm 1    | 2015/05/24 17:20:47 |  INFO | Refreshing org.apache.activemq.xbean.XBeanBrokerFactory$1@2f931909: startup date [Sun May 24 17:20:47 CEST 2015]; root of context hierarchy
INFO   | jvm 1    | 2015/05/24 17:20:50 |  INFO | PListStore:[/home/yukikoo/Dev/ProgrammationReparti/projet/projetTwitter/ProjetTwitter/activemq-5.11.1/bin/linux-x86-64/../../data/localhost/tmp_storage] started
INFO   | jvm 1    | 2015/05/24 17:20:50 |  INFO | Using Persistence Adapter: KahaDBPersistenceAdapter[/home/yukikoo/Dev/ProgrammationReparti/projet/projetTwitter/ProjetTwitter/activemq-5.11.1/bin/linux-x86-64/../../data/kahadb]
INFO   | jvm 1    | 2015/05/24 17:20:51 |  INFO | KahaDB is version 5
INFO   | jvm 1    | 2015/05/24 17:20:51 |  INFO | Recovering from the journal ...
INFO   | jvm 1    | 2015/05/24 17:20:51 |  INFO | Recovery replayed 14 operations from the journal in 0.067 seconds.
INFO   | jvm 1    | 2015/05/24 17:20:51 |  INFO | Apache ActiveMQ 5.11.1 (localhost, ID:yukikooozzy-44289-1432480851074-0:1) is starting
INFO   | jvm 1    | 2015/05/24 17:20:51 |  INFO | Listening for connections at: tcp://yukikooozzy:61616?maximumConnections=1000&wireFormat.maxFrameSize=104857600
INFO   | jvm 1    | 2015/05/24 17:20:51 |  INFO | Connector openwire started
INFO   | jvm 1    | 2015/05/24 17:20:51 |  INFO | Listening for connections at: amqp://yukikooozzy:5672?maximumConnections=1000&wireFormat.maxFrameSize=104857600
INFO   | jvm 1    | 2015/05/24 17:20:51 |  INFO | Connector amqp started
INFO   | jvm 1    | 2015/05/24 17:20:51 |  INFO | Listening for connections at: stomp://yukikooozzy:61613?maximumConnections=1000&wireFormat.maxFrameSize=104857600
INFO   | jvm 1    | 2015/05/24 17:20:51 |  INFO | Connector stomp started
INFO   | jvm 1    | 2015/05/24 17:20:51 |  INFO | Listening for connections at: mqtt://yukikooozzy:1883?maximumConnections=1000&wireFormat.maxFrameSize=104857600
INFO   | jvm 1    | 2015/05/24 17:20:51 |  INFO | Connector mqtt started
INFO   | jvm 1    | 2015/05/24 17:20:51 | {}
INFO   | jvm 1    | 2015/05/24 17:20:51 |  INFO | Listening for connections at ws://yukikooozzy:61614?maximumConnections=1000&wireFormat.maxFrameSize=104857600
INFO   | jvm 1    | 2015/05/24 17:20:51 |  INFO | Connector ws started
INFO   | jvm 1    | 2015/05/24 17:20:51 |  INFO | Apache ActiveMQ 5.11.1 (localhost, ID:yukikooozzy-44289-1432480851074-0:1) started
INFO   | jvm 1    | 2015/05/24 17:20:51 |  INFO | For help or more information please see: http://activemq.apache.org
INFO   | jvm 1    | 2015/05/24 17:20:51 |  WARN | Store limit is 102400 mb (current store usage is 0 mb). The data directory: /home/yukikoo/Dev/ProgrammationReparti/projet/projetTwitter/ProjetTwitter/activemq-5.11.1/bin/linux-x86-64/../../data/kahadb only has 30434 mb of usable space - resetting to maximum available disk space: 30434 mb
INFO   | jvm 1    | 2015/05/24 17:20:51 |  WARN | Temporary Store limit is 51200 mb, whilst the temporary data directory: /home/yukikoo/Dev/ProgrammationReparti/projet/projetTwitter/ProjetTwitter/activemq-5.11.1/bin/linux-x86-64/../../data/localhost/tmp_storage only has 30434 mb of usable space - resetting to maximum available 30434 mb.
INFO   | jvm 1    | 2015/05/24 17:20:52 |  INFO | ActiveMQ WebConsole available at http://0.0.0.0:8161/
INFO   | jvm 1    | 2015/05/24 17:20:52 |  INFO | Initializing Spring FrameworkServlet 'dispatcher'
INFO   | jvm 1    | 2015/05/24 17:20:53 |  INFO | jolokia-agent: No access restrictor found at classpath:/jolokia-access.xml, access to all MBeans is allowed
STATUS | wrapper  | 2015/05/24 17:20:56 | TERM trapped.  Shutting down.
INFO   | jvm 1    | 2015/05/24 17:20:57 |  INFO | Apache ActiveMQ 5.11.1 (localhost, ID:yukikooozzy-44289-1432480851074-0:1) is shutting down
INFO   | jvm 1    | 2015/05/24 17:20:57 |  INFO | Connector openwire stopped
INFO   | jvm 1    | 2015/05/24 17:20:57 |  INFO | Connector amqp stopped
INFO   | jvm 1    | 2015/05/24 17:20:57 |  INFO | Connector stomp stopped
INFO   | jvm 1    | 2015/05/24 17:20:57 |  INFO | Connector mqtt stopped
INFO   | jvm 1    | 2015/05/24 17:20:57 |  INFO | Connector ws stopped
INFO   | jvm 1    | 2015/05/24 17:20:57 |  INFO | PListStore:[/home/yukikoo/Dev/ProgrammationReparti/projet/projetTwitter/ProjetTwitter/activemq-5.11.1/bin/linux-x86-64/../../data/localhost/tmp_storage] stopped
INFO   | jvm 1    | 2015/05/24 17:20:57 |  INFO | Stopping async queue tasks
INFO   | jvm 1    | 2015/05/24 17:20:57 |  INFO | Stopping async topic tasks
INFO   | jvm 1    | 2015/05/24 17:20:57 |  INFO | Stopped KahaDB
INFO   | jvm 1    | 2015/05/24 17:20:58 |  INFO | Apache ActiveMQ 5.11.1 (localhost, ID:yukikooozzy-44289-1432480851074-0:1) uptime 7.862 seconds
INFO   | jvm 1    | 2015/05/24 17:20:58 |  INFO | Apache ActiveMQ 5.11.1 (localhost, ID:yukikooozzy-44289-1432480851074-0:1) is shutdown
INFO   | jvm 1    | 2015/05/24 17:20:58 |  INFO | Closing org.apache.activemq.xbean.XBeanBrokerFactory$1@2f931909: startup date [Sun May 24 17:20:47 CEST 2015]; root of context hierarchy
INFO   | jvm 1    | 2015/05/24 17:20:58 |  INFO | Destroying Spring FrameworkServlet 'dispatcher'
STATUS | wrapper  | 2015/05/24 17:20:58 | <-- Wrapper Stopped
STATUS | wrapper  | 2015/05/24 17:20:59 | WARNING: Could not write lock file /var/lock/subsys/ActiveMQ: Permission denied
STATUS | wrapper  | 2015/05/24 17:20:59 | --> Wrapper Started as Daemon
STATUS | wrapper  | 2015/05/24 17:20:59 | Launching a JVM...
INFO   | jvm 1    | 2015/05/24 17:20:59 | Wrapper (Version 3.2.3) http://wrapper.tanukisoftware.org
INFO   | jvm 1    | 2015/05/24 17:20:59 |   Copyright 1999-2006 Tanuki Software, Inc.  All Rights Reserved.
INFO   | jvm 1    | 2015/05/24 17:20:59 | 
INFO   | jvm 1    | 2015/05/24 17:20:59 | Java Runtime: Oracle Corporation 1.8.0_45 /usr/lib/jvm/java-8-openjdk/jre
INFO   | jvm 1    | 2015/05/24 17:20:59 |   Heap sizes: current=58880k  free=53298k  max=932352k
INFO   | jvm 1    | 2015/05/24 17:20:59 |     JVM args: -Dactivemq.home=../.. -Dactivemq.base=../.. -Djavax.net.ssl.keyStorePassword=password -Djavax.net.ssl.trustStorePassword=password -Djavax.net.ssl.keyStore=../../conf/broker.ks -Djavax.net.ssl.trustStore=../../conf/broker.ts -Dcom.sun.management.jmxremote -Dorg.apache.activemq.UseDedicatedTaskRunner=true -Djava.util.logging.config.file=logging.properties -Dactivemq.conf=../../conf -Dactivemq.data=../../data -Djava.security.auth.login.config=../../conf/login.config -Xmx1024m -Djava.library.path=../../bin/linux-x86-64/ -Dwrapper.key=JBrdWhirC0XVt2T0 -Dwrapper.port=32000 -Dwrapper.jvm.port.min=31000 -Dwrapper.jvm.port.max=31999 -Dwrapper.pid=18439 -Dwrapper.version=3.2.3 -Dwrapper.native_library=wrapper -Dwrapper.service=TRUE -Dwrapper.cpu.timeout=10 -Dwrapper.jvmid=1
INFO   | jvm 1    | 2015/05/24 17:20:59 | Extensions classpath:
INFO   | jvm 1    | 2015/05/24 17:20:59 |   [../../lib,../../lib/camel,../../lib/optional,../../lib/web,../../lib/extra]
INFO   | jvm 1    | 2015/05/24 17:20:59 | ACTIVEMQ_HOME: ../..
INFO   | jvm 1    | 2015/05/24 17:20:59 | ACTIVEMQ_BASE: ../..
INFO   | jvm 1    | 2015/05/24 17:20:59 | ACTIVEMQ_CONF: ../../conf
INFO   | jvm 1    | 2015/05/24 17:20:59 | ACTIVEMQ_DATA: ../../data
INFO   | jvm 1    | 2015/05/24 17:20:59 | Loading message broker from: xbean:activemq.xml
INFO   | jvm 1    | 2015/05/24 17:21:00 |  INFO | Refreshing org.apache.activemq.xbean.XBeanBrokerFactory$1@795c63c6: startup date [Sun May 24 17:21:00 CEST 2015]; root of context hierarchy
INFO   | jvm 1    | 2015/05/24 17:21:01 |  INFO | PListStore:[/home/yukikoo/Dev/ProgrammationReparti/projet/projetTwitter/ProjetTwitter/activemq-5.11.1/bin/linux-x86-64/../../data/localhost/tmp_storage] started
INFO   | jvm 1    | 2015/05/24 17:21:01 |  INFO | Using Persistence Adapter: KahaDBPersistenceAdapter[/home/yukikoo/Dev/ProgrammationReparti/projet/projetTwitter/ProjetTwitter/activemq-5.11.1/bin/linux-x86-64/../../data/kahadb]
INFO   | jvm 1    | 2015/05/24 17:21:01 |  INFO | KahaDB is version 5
INFO   | jvm 1    | 2015/05/24 17:21:01 |  INFO | Recovering from the journal ...
INFO   | jvm 1    | 2015/05/24 17:21:01 |  INFO | Recovery replayed 2 operations from the journal in 0.025 seconds.
INFO   | jvm 1    | 2015/05/24 17:21:01 |  INFO | Apache ActiveMQ 5.11.1 (localhost, ID:yukikooozzy-48765-1432480861665-0:1) is starting
INFO   | jvm 1    | 2015/05/24 17:21:01 |  INFO | Listening for connections at: tcp://yukikooozzy:61616?maximumConnections=1000&wireFormat.maxFrameSize=104857600
INFO   | jvm 1    | 2015/05/24 17:21:01 |  INFO | Connector openwire started
INFO   | jvm 1    | 2015/05/24 17:21:01 |  INFO | Listening for connections at: amqp://yukikooozzy:5672?maximumConnections=1000&wireFormat.maxFrameSize=104857600
INFO   | jvm 1    | 2015/05/24 17:21:01 |  INFO | Connector amqp started
INFO   | jvm 1    | 2015/05/24 17:21:01 |  INFO | Listening for connections at: stomp://yukikooozzy:61613?maximumConnections=1000&wireFormat.maxFrameSize=104857600
INFO   | jvm 1    | 2015/05/24 17:21:01 |  INFO | Connector stomp started
INFO   | jvm 1    | 2015/05/24 17:21:01 |  INFO | Listening for connections at: mqtt://yukikooozzy:1883?maximumConnections=1000&wireFormat.maxFrameSize=104857600
INFO   | jvm 1    | 2015/05/24 17:21:01 |  INFO | Connector mqtt started
INFO   | jvm 1    | 2015/05/24 17:21:01 | {}
INFO   | jvm 1    | 2015/05/24 17:21:02 |  INFO | Listening for connections at ws://yukikooozzy:61614?maximumConnections=1000&wireFormat.maxFrameSize=104857600
INFO   | jvm 1    | 2015/05/24 17:21:02 |  INFO | Connector ws started
INFO   | jvm 1    | 2015/05/24 17:21:02 |  INFO | Apache ActiveMQ 5.11.1 (localhost, ID:yukikooozzy-48765-1432480861665-0:1) started
INFO   | jvm 1    | 2015/05/24 17:21:02 |  INFO | For help or more information please see: http://activemq.apache.org
INFO   | jvm 1    | 2015/05/24 17:21:02 |  WARN | Store limit is 102400 mb (current store usage is 0 mb). The data directory: /home/yukikoo/Dev/ProgrammationReparti/projet/projetTwitter/ProjetTwitter/activemq-5.11.1/bin/linux-x86-64/../../data/kahadb only has 30434 mb of usable space - resetting to maximum available disk space: 30434 mb
INFO   | jvm 1    | 2015/05/24 17:21:02 |  WARN | Temporary Store limit is 51200 mb, whilst the temporary data directory: /home/yukikoo/Dev/ProgrammationReparti/projet/projetTwitter/ProjetTwitter/activemq-5.11.1/bin/linux-x86-64/../../data/localhost/tmp_storage only has 30434 mb of usable space - resetting to maximum available 30434 mb.
INFO   | jvm 1    | 2015/05/24 17:21:02 |  INFO | ActiveMQ WebConsole available at http://0.0.0.0:8161/
INFO   | jvm 1    | 2015/05/24 17:21:02 |  INFO | Initializing Spring FrameworkServlet 'dispatcher'
INFO   | jvm 1    | 2015/05/24 17:21:02 |  INFO | jolokia-agent: No access restrictor found at classpath:/jolokia-access.xml, access to all MBeans is allowed
STATUS | wrapper  | 2015/05/24 17:21:21 | TERM trapped.  Shutting down.
INFO   | jvm 1    | 2015/05/24 17:21:22 |  INFO | Apache ActiveMQ 5.11.1 (localhost, ID:yukikooozzy-48765-1432480861665-0:1) is shutting down
INFO   | jvm 1    | 2015/05/24 17:21:22 |  INFO | Connector openwire stopped
INFO   | jvm 1    | 2015/05/24 17:21:22 |  INFO | Connector amqp stopped
INFO   | jvm 1    | 2015/05/24 17:21:22 |  INFO | Connector stomp stopped
INFO   | jvm 1    | 2015/05/24 17:21:22 |  INFO | Connector mqtt stopped
INFO   | jvm 1    | 2015/05/24 17:21:22 |  INFO | Connector ws stopped
INFO   | jvm 1    | 2015/05/24 17:21:22 |  INFO | PListStore:[/home/yukikoo/Dev/ProgrammationReparti/projet/projetTwitter/ProjetTwitter/activemq-5.11.1/bin/linux-x86-64/../../data/localhost/tmp_storage] stopped
INFO   | jvm 1    | 2015/05/24 17:21:22 |  INFO | Stopping async queue tasks
INFO   | jvm 1    | 2015/05/24 17:21:22 |  INFO | Stopping async topic tasks
INFO   | jvm 1    | 2015/05/24 17:21:22 |  INFO | Stopped KahaDB
INFO   | jvm 1    | 2015/05/24 17:21:22 |  INFO | Apache ActiveMQ 5.11.1 (localhost, ID:yukikooozzy-48765-1432480861665-0:1) uptime 21.501 seconds
INFO   | jvm 1    | 2015/05/24 17:21:22 |  INFO | Apache ActiveMQ 5.11.1 (localhost, ID:yukikooozzy-48765-1432480861665-0:1) is shutdown
INFO   | jvm 1    | 2015/05/24 17:21:22 |  INFO | Closing org.apache.activemq.xbean.XBeanBrokerFactory$1@795c63c6: startup date [Sun May 24 17:21:00 CEST 2015]; root of context hierarchy
INFO   | jvm 1    | 2015/05/24 17:21:22 |  INFO | Destroying Spring FrameworkServlet 'dispatcher'
STATUS | wrapper  | 2015/05/24 17:21:23 | <-- Wrapper Stopped
STATUS | wrapper  | 2015/05/24 17:21:25 | WARNING: Could not write lock file /var/lock/subsys/ActiveMQ: Permission denied
STATUS | wrapper  | 2015/05/24 17:21:25 | --> Wrapper Started as Daemon
STATUS | wrapper  | 2015/05/24 17:21:25 | Launching a JVM...
INFO   | jvm 1    | 2015/05/24 17:21:26 | Wrapper (Version 3.2.3) http://wrapper.tanukisoftware.org
INFO   | jvm 1    | 2015/05/24 17:21:26 |   Copyright 1999-2006 Tanuki Software, Inc.  All Rights Reserved.
INFO   | jvm 1    | 2015/05/24 17:21:26 | 
INFO   | jvm 1    | 2015/05/24 17:21:26 | Java Runtime: Oracle Corporation 1.8.0_45 /usr/lib/jvm/java-8-openjdk/jre
INFO   | jvm 1    | 2015/05/24 17:21:26 |   Heap sizes: current=58880k  free=53298k  max=932352k
INFO   | jvm 1    | 2015/05/24 17:21:26 |     JVM args: -Dactivemq.home=../.. -Dactivemq.base=../.. -Djavax.net.ssl.keyStorePassword=password -Djavax.net.ssl.trustStorePassword=password -Djavax.net.ssl.keyStore=../../conf/broker.ks -Djavax.net.ssl.trustStore=../../conf/broker.ts -Dcom.sun.management.jmxremote -Dorg.apache.activemq.UseDedicatedTaskRunner=true -Djava.util.logging.config.file=logging.properties -Dactivemq.conf=../../conf -Dactivemq.data=../../data -Djava.security.auth.login.config=../../conf/login.config -Xmx1024m -Djava.library.path=../../bin/linux-x86-64/ -Dwrapper.key=sutqjcA6B_p1TdqL -Dwrapper.port=32000 -Dwrapper.jvm.port.min=31000 -Dwrapper.jvm.port.max=31999 -Dwrapper.pid=18639 -Dwrapper.version=3.2.3 -Dwrapper.native_library=wrapper -Dwrapper.service=TRUE -Dwrapper.cpu.timeout=10 -Dwrapper.jvmid=1
INFO   | jvm 1    | 2015/05/24 17:21:26 | Extensions classpath:
INFO   | jvm 1    | 2015/05/24 17:21:26 |   [../../lib,../../lib/camel,../../lib/optional,../../lib/web,../../lib/extra]
INFO   | jvm 1    | 2015/05/24 17:21:26 | ACTIVEMQ_HOME: ../..
INFO   | jvm 1    | 2015/05/24 17:21:26 | ACTIVEMQ_BASE: ../..
INFO   | jvm 1    | 2015/05/24 17:21:26 | ACTIVEMQ_CONF: ../../conf
INFO   | jvm 1    | 2015/05/24 17:21:26 | ACTIVEMQ_DATA: ../../data
INFO   | jvm 1    | 2015/05/24 17:21:26 | Loading message broker from: xbean:activemq.xml
INFO   | jvm 1    | 2015/05/24 17:21:26 |  INFO | Refreshing org.apache.activemq.xbean.XBeanBrokerFactory$1@2f931909: startup date [Sun May 24 17:21:26 CEST 2015]; root of context hierarchy
INFO   | jvm 1    | 2015/05/24 17:21:27 |  INFO | PListStore:[/home/yukikoo/Dev/ProgrammationReparti/projet/projetTwitter/ProjetTwitter/activemq-5.11.1/bin/linux-x86-64/../../data/localhost/tmp_storage] started
INFO   | jvm 1    | 2015/05/24 17:21:27 |  INFO | Using Persistence Adapter: KahaDBPersistenceAdapter[/home/yukikoo/Dev/ProgrammationReparti/projet/projetTwitter/ProjetTwitter/activemq-5.11.1/bin/linux-x86-64/../../data/kahadb]
INFO   | jvm 1    | 2015/05/24 17:21:27 |  INFO | KahaDB is version 5
INFO   | jvm 1    | 2015/05/24 17:21:28 |  INFO | Recovering from the journal ...
INFO   | jvm 1    | 2015/05/24 17:21:28 |  INFO | Recovery replayed 5 operations from the journal in 0.028 seconds.
INFO   | jvm 1    | 2015/05/24 17:21:28 |  INFO | Apache ActiveMQ 5.11.1 (localhost, ID:yukikooozzy-49730-1432480888063-0:1) is starting
INFO   | jvm 1    | 2015/05/24 17:21:28 |  INFO | Listening for connections at: tcp://yukikooozzy:61616?maximumConnections=1000&wireFormat.maxFrameSize=104857600
INFO   | jvm 1    | 2015/05/24 17:21:28 |  INFO | Connector openwire started
INFO   | jvm 1    | 2015/05/24 17:21:28 |  INFO | Listening for connections at: amqp://yukikooozzy:5672?maximumConnections=1000&wireFormat.maxFrameSize=104857600
INFO   | jvm 1    | 2015/05/24 17:21:28 |  INFO | Connector amqp started
INFO   | jvm 1    | 2015/05/24 17:21:28 |  INFO | Listening for connections at: stomp://yukikooozzy:61613?maximumConnections=1000&wireFormat.maxFrameSize=104857600
INFO   | jvm 1    | 2015/05/24 17:21:28 |  INFO | Connector stomp started
INFO   | jvm 1    | 2015/05/24 17:21:28 |  INFO | Listening for connections at: mqtt://yukikooozzy:1883?maximumConnections=1000&wireFormat.maxFrameSize=104857600
INFO   | jvm 1    | 2015/05/24 17:21:28 |  INFO | Connector mqtt started
INFO   | jvm 1    | 2015/05/24 17:21:28 | {}
INFO   | jvm 1    | 2015/05/24 17:21:28 |  INFO | Listening for connections at ws://yukikooozzy:61614?maximumConnections=1000&wireFormat.maxFrameSize=104857600
INFO   | jvm 1    | 2015/05/24 17:21:28 |  INFO | Connector ws started
INFO   | jvm 1    | 2015/05/24 17:21:28 |  INFO | Apache ActiveMQ 5.11.1 (localhost, ID:yukikooozzy-49730-1432480888063-0:1) started
INFO   | jvm 1    | 2015/05/24 17:21:28 |  INFO | For help or more information please see: http://activemq.apache.org
INFO   | jvm 1    | 2015/05/24 17:21:28 |  WARN | Store limit is 102400 mb (current store usage is 0 mb). The data directory: /home/yukikoo/Dev/ProgrammationReparti/projet/projetTwitter/ProjetTwitter/activemq-5.11.1/bin/linux-x86-64/../../data/kahadb only has 30434 mb of usable space - resetting to maximum available disk space: 30434 mb
INFO   | jvm 1    | 2015/05/24 17:21:28 |  WARN | Temporary Store limit is 51200 mb, whilst the temporary data directory: /home/yukikoo/Dev/ProgrammationReparti/projet/projetTwitter/ProjetTwitter/activemq-5.11.1/bin/linux-x86-64/../../data/localhost/tmp_storage only has 30434 mb of usable space - resetting to maximum available 30434 mb.
INFO   | jvm 1    | 2015/05/24 17:21:29 |  INFO | ActiveMQ WebConsole available at http://0.0.0.0:8161/
INFO   | jvm 1    | 2015/05/24 17:21:29 |  INFO | Initializing Spring FrameworkServlet 'dispatcher'
INFO   | jvm 1    | 2015/05/24 17:21:29 |  INFO | jolokia-agent: No access restrictor found at classpath:/jolokia-access.xml, access to all MBeans is allowed
INFO   | jvm 1    | 2015/05/24 17:21:37 |  WARN | Transport Connection to: tcp://127.0.0.1:36995 failed: java.io.EOFException
INFO   | jvm 1    | 2015/05/24 17:32:45 |  WARN | Transport Connection to: tcp://127.0.0.1:37144 failed: java.io.EOFException
INFO   | jvm 1    | 2015/05/24 17:33:29 |  WARN | Transport Connection to: tcp://127.0.0.1:37192 failed: java.io.EOFException
INFO   | jvm 1    | 2015/05/24 17:34:02 |  WARN | Transport Connection to: tcp://127.0.0.1:37209 failed: java.io.EOFException
INFO   | jvm 1    | 2015/05/24 17:34:27 |  WARN | Transport Connection to: tcp://127.0.0.1:37213 failed: java.io.EOFException
INFO   | jvm 1    | 2015/05/24 17:39:03 |  WARN | Transport Connection to: tcp://127.0.0.1:37285 failed: java.io.EOFException
INFO   | jvm 1    | 2015/05/24 17:41:34 |  WARN | Transport Connection to: tcp://127.0.0.1:37306 failed: java.io.EOFException
INFO   | jvm 1    | 2015/05/24 17:42:49 |  WARN | Transport Connection to: tcp://127.0.0.1:37408 failed: java.io.EOFException
INFO   | jvm 1    | 2015/05/24 17:43:40 |  WARN | Transport Connection to: tcp://127.0.0.1:37422 failed: java.io.EOFException
INFO   | jvm 1    | 2015/05/24 18:21:28 |  WARN | Transport Connection to: tcp://127.0.0.1:37455 failed: java.io.EOFException
